#
# A fatal error has been detected by the Java Runtime Environment:
#
#  EXCEPTION_ACCESS_VIOLATION (0xc0000005) at pc=0x00007ffeaeb1aefc, pid=18780, tid=10656
#
# JRE version: Java(TM) SE Runtime Environment (15.0.2+7) (build 15.0.2+7-27)
# Java VM: Java HotSpot(TM) 64-Bit Server VM (15.0.2+7-27, mixed mode, sharing, tiered, compressed oops, g1 gc, windows-amd64)
# Problematic frame:
# V  [jvm.dll+0x2aaefc]
#
# No core dump will be written. Minidumps are not enabled by default on client versions of Windows
#
# If you would like to submit a bug report, please visit:
#   https://bugreport.java.com/bugreport/crash.jsp
#

---------------  S U M M A R Y ------------

Command Line: -javaagent:C:\Program Files\JetBrains\IntelliJ IDEA 2020.3.2\lib\idea_rt.jar=61972:C:\Program Files\JetBrains\IntelliJ IDEA 2020.3.2\bin -Dfile.encoding=UTF-8 --module-path=E:\1-2\CSE108\Offlines Repo\CSE108-Offlines\Java Term Project\Part 3 (Networking and Threading added)\out\production\Part 3 (Networking and Threading added);C:\openjfx-16_windows-x64_bin-sdk\javafx-sdk-16\lib\javafx-swt.jar;C:\openjfx-16_windows-x64_bin-sdk\javafx-sdk-16\lib\javafx.web.jar;C:\openjfx-16_windows-x64_bin-sdk\javafx-sdk-16\lib\javafx.base.jar;C:\openjfx-16_windows-x64_bin-sdk\javafx-sdk-16\lib\javafx.fxml.jar;C:\openjfx-16_windows-x64_bin-sdk\javafx-sdk-16\lib\javafx.media.jar;C:\openjfx-16_windows-x64_bin-sdk\javafx-sdk-16\lib\javafx.swing.jar;C:\openjfx-16_windows-x64_bin-sdk\javafx-sdk-16\lib\javafx.controls.jar;C:\openjfx-16_windows-x64_bin-sdk\javafx-sdk-16\lib\javafx.graphics.jar;E:\1-2\CSE108\Offlines Repo\CSE108-Offlines\Java Term Project\Part 3 (Networking and Threading added)\src\jfoenix-9.0.10.jar -Djdk.module.main=myjfx myjfx/sample.Main

Host: Intel(R) Core(TM) i7-10700 CPU @ 2.90GHz, 16 cores, 15G,  Windows 10 , 64 bit Build 19041 (10.0.19041.1023)
Time: Mon Jul 19 10:58:20 2021 Bangladesh Standard Time elapsed time: 0.751119 seconds (0d 0h 0m 0s)

---------------  T H R E A D  ---------------

Current thread (0x0000024b78ba44c0):  GCTaskThread "GC Thread#3" [stack: 0x00000058b9000000,0x00000058b9100000] [id=10656]

Stack: [0x00000058b9000000,0x00000058b9100000],  sp=0x00000058b90ff2e0,  free space=1020k
Native frames: (J=compiled Java code, j=interpreted, Vv=VM code, C=native code)
V  [jvm.dll+0x2aaefc]
V  [jvm.dll+0x2ab41a]
V  [jvm.dll+0x2a6291]
V  [jvm.dll+0x2a6889]
V  [jvm.dll+0x2a6987]
V  [jvm.dll+0x2acaed]
V  [jvm.dll+0x7adfc0]
V  [jvm.dll+0x73d75a]
V  [jvm.dll+0x629c56]
C  [ucrtbase.dll+0x21bb2]
C  [KERNEL32.DLL+0x17034]
C  [ntdll.dll+0x52651]


siginfo: EXCEPTION_ACCESS_VIOLATION (0xc0000005), data execution prevention violation at address 0x00007ffe66014000


Register to memory mapping:

RIP=0x00007ffeaeb1aefc jvm.dll
RAX=0x0000024b516fd310 points into unknown readable memory: 0x0000024b516fe160 | 60 e1 6f 51 4b 02 00 00
RBX=0x000002ae000011eb is an unknown value
RCX=0x0000024b516ffab0 points into unknown readable memory: 0x0000000000000000 | 00 00 00 00 00 00 00 00
RDX=0x0000024b516fef70 points into unknown readable memory: 0x0000000000000000 | 00 00 00 00 00 00 00 00
RSP=0x00000058b90ff2e0 points into unknown readable memory: 0x000000000000000c | 0c 00 00 00 00 00 00 00
RBP=0x0000000000000003 is an unknown value
RSI=0x0000024b516fe9d0 points into unknown readable memory: 0x0000000000000000 | 00 00 00 00 00 00 00 00
RDI=0x0000000000000005 is an unknown value
R8 =0x0000000000000041 is an unknown value
R9 =0x0000000000000005 is an unknown value
R10=0x0000000000000048 is an unknown value
R11=0x0000000000000028 is an unknown value
R12=0x00000058b90ff3b0 points into unknown readable memory: 0x0000000700e21b45 | 45 1b e2 00 07 00 00 00
R13=0x0 is NULL
R14=0x0000024b516ee840 points into unknown readable memory: 0x00007ffeaf0f4178 | 78 41 0f af fe 7f 00 00
R15=0x0000000000000012 is an unknown value


Registers:
RAX=0x0000024b516fd310, RBX=0x000002ae000011eb, RCX=0x0000024b516ffab0, RDX=0x0000024b516fef70
RSP=0x00000058b90ff2e0, RBP=0x0000000000000003, RSI=0x0000024b516fe9d0, RDI=0x0000000000000005
R8 =0x0000000000000041, R9 =0x0000000000000005, R10=0x0000000000000048, R11=0x0000000000000028
R12=0x00000058b90ff3b0, R13=0x0000000000000000, R14=0x0000024b516ee840, R15=0x0000000000000012
RIP=0x00007ffeaeb1aefc, EFLAGS=0x0000000000010206

Top of Stack: (sp=0x00000058b90ff2e0)
0x00000058b90ff2e0:   000000000000000c 0000024b0015c120
0x00000058b90ff2f0:   00000058b90ff470 0000000000000002
0x00000058b90ff300:   0000000000000000 000002ae000011eb
0x00000058b90ff310:   000000000000000c 0000024b0015c120
0x00000058b90ff320:   00000058b90ff470 0000000000000002
0x00000058b90ff330:   000000000000010d 000000000380710d
0x00000058b90ff340:   0000024b516ee840 00007ffeaeb1b41a
0x00000058b90ff350:   0000024b0015c120 0000024b0015c120
0x00000058b90ff360:   0000000700e21a48 000002ae000011ec
0x00000058b90ff370:   0000024b00821bc0 0000024b0015c120
0x00000058b90ff380:   0000000000000000 00000058b90ff400
0x00000058b90ff390:   0000000000000000 00007ffeaeb16291
0x00000058b90ff3a0:   0000026463040001 00007ffeaf0f8800
0x00000058b90ff3b0:   0000000700e21b45 00007ffeaeb369f7
0x00000058b90ff3c0:   00000058b75ff060 00007ffeaee94c7f
0x00000058b90ff3d0:   0000000000000000 0000000000000000 

Instructions: (pc=0x00007ffeaeb1aefc)
0x00007ffeaeb1adfc:   fa eb b1 41 8b c1 4c 8d 1c c5 00 00 00 00 49 8b
0x00007ffeaeb1ae0c:   46 10 49 8b 0c 03 8b 81 00 01 00 00 44 8b 81 80
0x00007ffeaeb1ae1c:   00 00 00 44 2b c0 8b c7 41 81 e0 ff ff 01 00 41
0x00007ffeaeb1ae2c:   81 f8 ff ff 01 00 45 0f 44 c5 4c 8d 14 c5 00 00
0x00007ffeaeb1ae3c:   00 00 49 8b 46 10 49 8b 0c 02 8b 81 00 01 00 00
0x00007ffeaeb1ae4c:   8b 91 80 00 00 00 2b d0 32 c0 81 e2 ff ff 01 00
0x00007ffeaeb1ae5c:   81 fa ff ff 01 00 41 0f 44 d5 41 3b d0 76 7d 49
0x00007ffeaeb1ae6c:   8b 46 10 49 8b 14 02 48 8b 82 00 01 00 00 48 89
0x00007ffeaeb1ae7c:   44 24 28 8b 82 80 00 00 00 48 8b 5c 24 28 2b c3
0x00007ffeaeb1ae8c:   25 ff ff 01 00 3d ff ff 01 00 41 0f 44 c5 85 c0
0x00007ffeaeb1ae9c:   75 10 bf ff ff ff ff 89 be 00 02 00 00 e9 81 01
0x00007ffeaeb1aeac:   00 00 48 8b 82 80 01 00 00 8b cb 48 8b 0c c8 8d
0x00007ffeaeb1aebc:   43 01 25 ff ff 01 00 49 89 0c 24 89 44 24 70 41
0x00007ffeaeb1aecc:   8b cd 0f 94 c1 48 8b c3 48 c1 e8 20 03 c8 89 4c
0x00007ffeaeb1aedc:   24 74 48 8b 4c 24 70 e9 8d 00 00 00 45 85 c0 0f
0x00007ffeaeb1aeec:   84 a1 00 00 00 49 8b 46 10 41 8b f9 49 8b 14 03
0x00007ffeaeb1aefc:   48 8b 82 00 01 00 00 48 89 44 24 28 8b 82 80 00
0x00007ffeaeb1af0c:   00 00 48 8b 5c 24 28 2b c3 25 ff ff 01 00 3d ff
0x00007ffeaeb1af1c:   ff 01 00 41 0f 44 c5 85 c0 75 10 bf ff ff ff ff
0x00007ffeaeb1af2c:   89 be 00 02 00 00 e9 f8 00 00 00 48 8b 82 80 01
0x00007ffeaeb1af3c:   00 00 8b cb 48 8b 0c c8 8d 43 01 25 ff ff 01 00
0x00007ffeaeb1af4c:   49 89 0c 24 89 84 24 88 00 00 00 41 8b cd 0f 94
0x00007ffeaeb1af5c:   c1 48 8b c3 48 c1 e8 20 03 c8 89 8c 24 8c 00 00
0x00007ffeaeb1af6c:   00 48 8b 8c 24 88 00 00 00 48 8b 05 1c a4 76 00
0x00007ffeaeb1af7c:   4c 8b c3 48 81 c2 00 01 00 00 ff d0 48 3b c3 0f
0x00007ffeaeb1af8c:   94 c0 84 c0 75 05 bf ff ff ff ff 89 be 00 02 00
0x00007ffeaeb1af9c:   00 e9 8d 00 00 00 0f 85 8b 00 00 00 49 8b 46 10
0x00007ffeaeb1afac:   8d 4d ff 83 e1 01 48 8b 14 c8 48 8b 82 00 01 00
0x00007ffeaeb1afbc:   00 48 89 44 24 28 8b 82 80 00 00 00 48 8b 5c 24
0x00007ffeaeb1afcc:   28 2b c3 25 ff ff 01 00 3d ff ff 01 00 41 0f 44
0x00007ffeaeb1afdc:   c5 85 c0 74 4e 48 8b 82 80 01 00 00 4c 8b c3 8b
0x00007ffeaeb1afec:   cb 48 8b 0c c8 8d 43 01 25 ff ff 01 00 49 89 0c 


Stack slot to memory mapping:
stack at sp + 0 slots: 0x000000000000000c is an unknown value
stack at sp + 1 slots: 0x0000024b0015c120 points into unknown readable memory: 0x00007ffeaf0fa6f8 | f8 a6 0f af fe 7f 00 00
stack at sp + 2 slots: 0x00000058b90ff470 points into unknown readable memory: 0x00007ffeaf0f4140 | 40 41 0f af fe 7f 00 00
stack at sp + 3 slots: 0x0000000000000002 is an unknown value
stack at sp + 4 slots: 0x0 is NULL
stack at sp + 5 slots: 0x000002ae000011eb is an unknown value
stack at sp + 6 slots: 0x000000000000000c is an unknown value
stack at sp + 7 slots: 0x0000024b0015c120 points into unknown readable memory: 0x00007ffeaf0fa6f8 | f8 a6 0f af fe 7f 00 00


---------------  P R O C E S S  ---------------

Threads class SMR info:
_java_thread_list=0x0000024b0246a660, length=23, elements={
0x0000024b516e2ea0, 0x0000024b78139910, 0x0000024b7792e480, 0x0000024b7814e9d0,
0x0000024b781513a0, 0x0000024b78156280, 0x0000024b78157110, 0x0000024b7815b1b0,
0x0000024b7816c460, 0x0000024b78242540, 0x0000024b782e07e0, 0x0000024b785218e0,
0x0000024b783a0580, 0x0000024b783a0f40, 0x0000024b783081f0, 0x0000024b7841d740,
0x0000024b7841dc10, 0x0000024b783f5ba0, 0x0000024b7891c5e0, 0x0000024b78b1aad0,
0x0000024b00074ca0, 0x0000024b00091190, 0x0000024b00ce62e0
}

Java Threads: ( => current thread )
  0x0000024b516e2ea0 JavaThread "main" [_thread_blocked, id=17792, stack(0x00000058b6f00000,0x00000058b7000000)]
  0x0000024b78139910 JavaThread "Reference Handler" daemon [_thread_blocked, id=7956, stack(0x00000058b7600000,0x00000058b7700000)]
  0x0000024b7792e480 JavaThread "Finalizer" daemon [_thread_blocked, id=3948, stack(0x00000058b7700000,0x00000058b7800000)]
  0x0000024b7814e9d0 JavaThread "Signal Dispatcher" daemon [_thread_blocked, id=2716, stack(0x00000058b7800000,0x00000058b7900000)]
  0x0000024b781513a0 JavaThread "Attach Listener" daemon [_thread_blocked, id=14416, stack(0x00000058b7900000,0x00000058b7a00000)]
  0x0000024b78156280 JavaThread "Service Thread" daemon [_thread_blocked, id=21068, stack(0x00000058b7a00000,0x00000058b7b00000)]
  0x0000024b78157110 JavaThread "C2 CompilerThread0" daemon [_thread_blocked, id=19864, stack(0x00000058b7b00000,0x00000058b7c00000)]
  0x0000024b7815b1b0 JavaThread "C1 CompilerThread0" daemon [_thread_blocked, id=2628, stack(0x00000058b7c00000,0x00000058b7d00000)]
  0x0000024b7816c460 JavaThread "Sweeper thread" daemon [_thread_blocked, id=10452, stack(0x00000058b7d00000,0x00000058b7e00000)]
  0x0000024b78242540 JavaThread "Common-Cleaner" daemon [_thread_blocked, id=21484, stack(0x00000058b7e00000,0x00000058b7f00000)]
  0x0000024b782e07e0 JavaThread "C1 CompilerThread1" daemon [_thread_blocked, id=3484, stack(0x00000058b7f00000,0x00000058b8000000)]
  0x0000024b785218e0 JavaThread "C2 CompilerThread1" daemon [_thread_blocked, id=14376, stack(0x00000058b8000000,0x00000058b8100000)]
  0x0000024b783a0580 JavaThread "C1 CompilerThread2" daemon [_thread_blocked, id=18888, stack(0x00000058b8100000,0x00000058b8200000)]
  0x0000024b783a0f40 JavaThread "C1 CompilerThread3" daemon [_thread_blocked, id=1044, stack(0x00000058b8200000,0x00000058b8300000)]
  0x0000024b783081f0 JavaThread "C2 CompilerThread2" daemon [_thread_blocked, id=11920, stack(0x00000058b8300000,0x00000058b8400000)]
  0x0000024b7841d740 JavaThread "Monitor Ctrl-Break" daemon [_thread_in_native, id=15412, stack(0x00000058b8500000,0x00000058b8600000)]
  0x0000024b7841dc10 JavaThread "Notification Thread" daemon [_thread_blocked, id=9992, stack(0x00000058b8600000,0x00000058b8700000)]
  0x0000024b783f5ba0 JavaThread "QuantumRenderer-0" daemon [_thread_blocked, id=9692, stack(0x00000058b8800000,0x00000058b8900000)]
  0x0000024b7891c5e0 JavaThread "InvokeLaterDispatcher" daemon [_thread_blocked, id=4208, stack(0x00000058b8a00000,0x00000058b8b00000)]
  0x0000024b78b1aad0 JavaThread "JavaFX Application Thread" [_thread_blocked, id=8848, stack(0x00000058b8b00000,0x00000058b8c00000)]
  0x0000024b00074ca0 JavaThread "JavaFX-Launcher" [_thread_blocked, id=21124, stack(0x00000058b8d00000,0x00000058b8e00000)]
  0x0000024b00091190 JavaThread "Thread-2" daemon [_thread_blocked, id=20712, stack(0x00000058b8400000,0x00000058b8500000)]
  0x0000024b00ce62e0 JavaThread "Prism Font Disposer" daemon [_thread_blocked, id=18940, stack(0x00000058b9600000,0x00000058b9700000)]

Other Threads:
  0x0000024b781390a0 VMThread "VM Thread" [stack: 0x00000058b7500000,0x00000058b7600000] [id=13444]
  0x0000024b7841e0e0 WatcherThread [stack: 0x00000058b8700000,0x00000058b8800000] [id=16576]
  0x0000024b517346a0 GCTaskThread "GC Thread#0" [stack: 0x00000058b7000000,0x00000058b7100000] [id=5636]
  0x0000024b78ba3b30 GCTaskThread "GC Thread#1" [stack: 0x00000058b8e00000,0x00000058b8f00000] [id=7352]
  0x0000024b78ba3800 GCTaskThread "GC Thread#2" [stack: 0x00000058b8f00000,0x00000058b9000000] [id=18276]
=>0x0000024b78ba44c0 GCTaskThread "GC Thread#3" [stack: 0x00000058b9000000,0x00000058b9100000] [id=10656]
  0x0000024b78ba5180 GCTaskThread "GC Thread#4" [stack: 0x00000058b9100000,0x00000058b9200000] [id=8888]
  0x0000024b78ba5e40 GCTaskThread "GC Thread#5" [stack: 0x00000058b9200000,0x00000058b9300000] [id=14552]
  0x0000024b51746790 ConcurrentGCThread "G1 Main Marker" [stack: 0x00000058b7100000,0x00000058b7200000] [id=20632]
  0x0000024b51748b30 ConcurrentGCThread "G1 Conc#0" [stack: 0x00000058b7200000,0x00000058b7300000] [id=11596]
  0x0000024b777b40e0 ConcurrentGCThread "G1 Refine#0" [stack: 0x00000058b7300000,0x00000058b7400000] [id=6836]
  0x0000024b517b59a0 ConcurrentGCThread "G1 Young RemSet Sampling" [stack: 0x00000058b7400000,0x00000058b7500000] [id=1436]

Threads with active compile tasks:

VM state: at safepoint (normal execution)

VM Mutex/Monitor currently owned by a thread:  ([mutex/lock_event])
[0x0000024b516dd270] Threads_lock - owner thread: 0x0000024b781390a0
[0x0000024b516dcb20] Heap_lock - owner thread: 0x0000024b783f5ba0

Heap address: 0x0000000700e00000, size: 4082 MB, Compressed Oops mode: Zero based, Oop shift amount: 3
CDS archive(s) mapped at: [0x0000000800000000-0x0000000800b50000-0x0000000800b50000), size 11862016, SharedBaseAddress: 0x0000000800000000, ArchiveRelocationMode: 0.
Compressed class space mapped at: 0x0000000800b50000-0x0000000840b50000, size: 1073741824
Narrow klass base: 0x0000000800000000, Narrow klass shift: 3, Narrow klass range: 0x100000000

GC Precious Log:
 CPUs: 16 total, 16 available
 Memory: 16322M
 Large Page Support: Disabled
 NUMA Support: Disabled
 Compressed Oops: Enabled (Zero based)
 Heap Region Size: 2M
 Heap Min Capacity: 8M
 Heap Initial Capacity: 256M
 Heap Max Capacity: 4082M
 Pre-touch: Disabled
 Parallel Workers: 13
 Concurrent Workers: 3
 Concurrent Refinement Workers: 13
 Periodic GC: Disabled

Heap:
 garbage-first heap   total 262144K, used 39733K [0x0000000700e00000, 0x0000000800000000)
  region size 2048K, 21 young (43008K), 3 survivors (6144K)
 Metaspace       used 15245K, capacity 15433K, committed 15744K, reserved 1062912K
  class space    used 2229K, capacity 2318K, committed 2432K, reserved 1048576K

Heap Regions: E=young(eden), S=young(survivor), O=old, HS=humongous(starts), HC=humongous(continues), CS=collection set, F=free, OA=open archive, CA=closed archive, TAMS=top-at-mark-start (previous, next)
|   0|0x0000000700e00000, 0x0000000700e5bae0, 0x0000000701000000| 17%| O|  |TAMS 0x0000000700e00000, 0x0000000700e00000| Untracked 
|   1|0x0000000701000000, 0x0000000701000000, 0x0000000701200000|  0%| F|  |TAMS 0x0000000701000000, 0x0000000701000000| Untracked 
|   2|0x0000000701200000, 0x0000000701200000, 0x0000000701400000|  0%| F|  |TAMS 0x0000000701200000, 0x0000000701200000| Untracked 
|   3|0x0000000701400000, 0x0000000701400000, 0x0000000701600000|  0%| F|  |TAMS 0x0000000701400000, 0x0000000701400000| Untracked 
|   4|0x0000000701600000, 0x0000000701600000, 0x0000000701800000|  0%| F|  |TAMS 0x0000000701600000, 0x0000000701600000| Untracked 
|   5|0x0000000701800000, 0x0000000701800000, 0x0000000701a00000|  0%| F|  |TAMS 0x0000000701800000, 0x0000000701800000| Untracked 
|   6|0x0000000701a00000, 0x0000000701a00000, 0x0000000701c00000|  0%| F|  |TAMS 0x0000000701a00000, 0x0000000701a00000| Untracked 
|   7|0x0000000701c00000, 0x0000000701c00000, 0x0000000701e00000|  0%| F|  |TAMS 0x0000000701c00000, 0x0000000701c00000| Untracked 
|   8|0x0000000701e00000, 0x0000000701e00000, 0x0000000702000000|  0%| F|  |TAMS 0x0000000701e00000, 0x0000000701e00000| Untracked 
|   9|0x0000000702000000, 0x0000000702000000, 0x0000000702200000|  0%| F|  |TAMS 0x0000000702000000, 0x0000000702000000| Untracked 
|  10|0x0000000702200000, 0x0000000702200000, 0x0000000702400000|  0%| F|  |TAMS 0x0000000702200000, 0x0000000702200000| Untracked 
|  11|0x0000000702400000, 0x0000000702400000, 0x0000000702600000|  0%| F|  |TAMS 0x0000000702400000, 0x0000000702400000| Untracked 
|  12|0x0000000702600000, 0x0000000702600000, 0x0000000702800000|  0%| F|  |TAMS 0x0000000702600000, 0x0000000702600000| Untracked 
|  13|0x0000000702800000, 0x0000000702800000, 0x0000000702a00000|  0%| F|  |TAMS 0x0000000702800000, 0x0000000702800000| Untracked 
|  14|0x0000000702a00000, 0x0000000702a00000, 0x0000000702c00000|  0%| F|  |TAMS 0x0000000702a00000, 0x0000000702a00000| Untracked 
|  15|0x0000000702c00000, 0x0000000702c00000, 0x0000000702e00000|  0%| F|  |TAMS 0x0000000702c00000, 0x0000000702c00000| Untracked 
|  16|0x0000000702e00000, 0x0000000702e00000, 0x0000000703000000|  0%| F|  |TAMS 0x0000000702e00000, 0x0000000702e00000| Untracked 
|  17|0x0000000703000000, 0x0000000703000000, 0x0000000703200000|  0%| F|  |TAMS 0x0000000703000000, 0x0000000703000000| Untracked 
|  18|0x0000000703200000, 0x0000000703200000, 0x0000000703400000|  0%| F|  |TAMS 0x0000000703200000, 0x0000000703200000| Untracked 
|  19|0x0000000703400000, 0x0000000703400000, 0x0000000703600000|  0%| F|  |TAMS 0x0000000703400000, 0x0000000703400000| Untracked 
|  20|0x0000000703600000, 0x0000000703600000, 0x0000000703800000|  0%| F|  |TAMS 0x0000000703600000, 0x0000000703600000| Untracked 
|  21|0x0000000703800000, 0x0000000703800000, 0x0000000703a00000|  0%| F|  |TAMS 0x0000000703800000, 0x0000000703800000| Untracked 
|  22|0x0000000703a00000, 0x0000000703a00000, 0x0000000703c00000|  0%| F|  |TAMS 0x0000000703a00000, 0x0000000703a00000| Untracked 
|  23|0x0000000703c00000, 0x0000000703c00000, 0x0000000703e00000|  0%| F|  |TAMS 0x0000000703c00000, 0x0000000703c00000| Untracked 
|  24|0x0000000703e00000, 0x0000000703e00000, 0x0000000704000000|  0%| F|  |TAMS 0x0000000703e00000, 0x0000000703e00000| Untracked 
|  25|0x0000000704000000, 0x0000000704000000, 0x0000000704200000|  0%| F|  |TAMS 0x0000000704000000, 0x0000000704000000| Untracked 
|  26|0x0000000704200000, 0x0000000704200000, 0x0000000704400000|  0%| F|  |TAMS 0x0000000704200000, 0x0000000704200000| Untracked 
|  27|0x0000000704400000, 0x0000000704400000, 0x0000000704600000|  0%| F|  |TAMS 0x0000000704400000, 0x0000000704400000| Untracked 
|  28|0x0000000704600000, 0x0000000704600000, 0x0000000704800000|  0%| F|  |TAMS 0x0000000704600000, 0x0000000704600000| Untracked 
|  29|0x0000000704800000, 0x0000000704800000, 0x0000000704a00000|  0%| F|  |TAMS 0x0000000704800000, 0x0000000704800000| Untracked 
|  30|0x0000000704a00000, 0x0000000704a00000, 0x0000000704c00000|  0%| F|  |TAMS 0x0000000704a00000, 0x0000000704a00000| Untracked 
|  31|0x0000000704c00000, 0x0000000704c00000, 0x0000000704e00000|  0%| F|  |TAMS 0x0000000704c00000, 0x0000000704c00000| Untracked 
|  32|0x0000000704e00000, 0x0000000704e00000, 0x0000000705000000|  0%| F|  |TAMS 0x0000000704e00000, 0x0000000704e00000| Untracked 
|  33|0x0000000705000000, 0x0000000705000000, 0x0000000705200000|  0%| F|  |TAMS 0x0000000705000000, 0x0000000705000000| Untracked 
|  34|0x0000000705200000, 0x0000000705200000, 0x0000000705400000|  0%| F|  |TAMS 0x0000000705200000, 0x0000000705200000| Untracked 
|  35|0x0000000705400000, 0x0000000705400000, 0x0000000705600000|  0%| F|  |TAMS 0x0000000705400000, 0x0000000705400000| Untracked 
|  36|0x0000000705600000, 0x0000000705600000, 0x0000000705800000|  0%| F|  |TAMS 0x0000000705600000, 0x0000000705600000| Untracked 
|  37|0x0000000705800000, 0x0000000705800000, 0x0000000705a00000|  0%| F|  |TAMS 0x0000000705800000, 0x0000000705800000| Untracked 
|  38|0x0000000705a00000, 0x0000000705a00000, 0x0000000705c00000|  0%| F|  |TAMS 0x0000000705a00000, 0x0000000705a00000| Untracked 
|  39|0x0000000705c00000, 0x0000000705c00000, 0x0000000705e00000|  0%| F|  |TAMS 0x0000000705c00000, 0x0000000705c00000| Untracked 
|  40|0x0000000705e00000, 0x0000000705e00000, 0x0000000706000000|  0%| F|  |TAMS 0x0000000705e00000, 0x0000000705e00000| Untracked 
|  41|0x0000000706000000, 0x0000000706000000, 0x0000000706200000|  0%| F|  |TAMS 0x0000000706000000, 0x0000000706000000| Untracked 
|  42|0x0000000706200000, 0x0000000706200000, 0x0000000706400000|  0%| F|  |TAMS 0x0000000706200000, 0x0000000706200000| Untracked 
|  43|0x0000000706400000, 0x0000000706400000, 0x0000000706600000|  0%| F|  |TAMS 0x0000000706400000, 0x0000000706400000| Untracked 
|  44|0x0000000706600000, 0x0000000706600000, 0x0000000706800000|  0%| F|  |TAMS 0x0000000706600000, 0x0000000706600000| Untracked 
|  45|0x0000000706800000, 0x0000000706800000, 0x0000000706a00000|  0%| F|  |TAMS 0x0000000706800000, 0x0000000706800000| Untracked 
|  46|0x0000000706a00000, 0x0000000706a00000, 0x0000000706c00000|  0%| F|  |TAMS 0x0000000706a00000, 0x0000000706a00000| Untracked 
|  47|0x0000000706c00000, 0x0000000706c00000, 0x0000000706e00000|  0%| F|  |TAMS 0x0000000706c00000, 0x0000000706c00000| Untracked 
|  48|0x0000000706e00000, 0x0000000706e00000, 0x0000000707000000|  0%| F|  |TAMS 0x0000000706e00000, 0x0000000706e00000| Untracked 
|  49|0x0000000707000000, 0x0000000707000000, 0x0000000707200000|  0%| F|  |TAMS 0x0000000707000000, 0x0000000707000000| Untracked 
|  50|0x0000000707200000, 0x0000000707200000, 0x0000000707400000|  0%| F|  |TAMS 0x0000000707200000, 0x0000000707200000| Untracked 
|  51|0x0000000707400000, 0x0000000707400000, 0x0000000707600000|  0%| F|  |TAMS 0x0000000707400000, 0x0000000707400000| Untracked 
|  52|0x0000000707600000, 0x0000000707600000, 0x0000000707800000|  0%| F|  |TAMS 0x0000000707600000, 0x0000000707600000| Untracked 
|  53|0x0000000707800000, 0x0000000707800000, 0x0000000707a00000|  0%| F|  |TAMS 0x0000000707800000, 0x0000000707800000| Untracked 
|  54|0x0000000707a00000, 0x0000000707a00000, 0x0000000707c00000|  0%| F|  |TAMS 0x0000000707a00000, 0x0000000707a00000| Untracked 
|  55|0x0000000707c00000, 0x0000000707c00000, 0x0000000707e00000|  0%| F|  |TAMS 0x0000000707c00000, 0x0000000707c00000| Untracked 
|  56|0x0000000707e00000, 0x0000000707e00000, 0x0000000708000000|  0%| F|  |TAMS 0x0000000707e00000, 0x0000000707e00000| Untracked 
|  57|0x0000000708000000, 0x0000000708000000, 0x0000000708200000|  0%| F|  |TAMS 0x0000000708000000, 0x0000000708000000| Untracked 
|  58|0x0000000708200000, 0x0000000708200000, 0x0000000708400000|  0%| F|  |TAMS 0x0000000708200000, 0x0000000708200000| Untracked 
|  59|0x0000000708400000, 0x0000000708400000, 0x0000000708600000|  0%| F|  |TAMS 0x0000000708400000, 0x0000000708400000| Untracked 
|  60|0x0000000708600000, 0x0000000708600000, 0x0000000708800000|  0%| F|  |TAMS 0x0000000708600000, 0x0000000708600000| Untracked 
|  61|0x0000000708800000, 0x0000000708800000, 0x0000000708a00000|  0%| F|  |TAMS 0x0000000708800000, 0x0000000708800000| Untracked 
|  62|0x0000000708a00000, 0x0000000708a00000, 0x0000000708c00000|  0%| F|  |TAMS 0x0000000708a00000, 0x0000000708a00000| Untracked 
|  63|0x0000000708c00000, 0x0000000708c00000, 0x0000000708e00000|  0%| F|  |TAMS 0x0000000708c00000, 0x0000000708c00000| Untracked 
|  64|0x0000000708e00000, 0x0000000708e00000, 0x0000000709000000|  0%| F|  |TAMS 0x0000000708e00000, 0x0000000708e00000| Untracked 
|  65|0x0000000709000000, 0x0000000709000000, 0x0000000709200000|  0%| F|  |TAMS 0x0000000709000000, 0x0000000709000000| Untracked 
|  66|0x0000000709200000, 0x0000000709200000, 0x0000000709400000|  0%| F|  |TAMS 0x0000000709200000, 0x0000000709200000| Untracked 
|  67|0x0000000709400000, 0x0000000709400000, 0x0000000709600000|  0%| F|  |TAMS 0x0000000709400000, 0x0000000709400000| Untracked 
|  68|0x0000000709600000, 0x0000000709600000, 0x0000000709800000|  0%| F|  |TAMS 0x0000000709600000, 0x0000000709600000| Untracked 
|  69|0x0000000709800000, 0x0000000709800000, 0x0000000709a00000|  0%| F|  |TAMS 0x0000000709800000, 0x0000000709800000| Untracked 
|  70|0x0000000709a00000, 0x0000000709a00000, 0x0000000709c00000|  0%| F|  |TAMS 0x0000000709a00000, 0x0000000709a00000| Untracked 
|  71|0x0000000709c00000, 0x0000000709c00000, 0x0000000709e00000|  0%| F|  |TAMS 0x0000000709c00000, 0x0000000709c00000| Untracked 
|  72|0x0000000709e00000, 0x0000000709e00000, 0x000000070a000000|  0%| F|  |TAMS 0x0000000709e00000, 0x0000000709e00000| Untracked 
|  73|0x000000070a000000, 0x000000070a000000, 0x000000070a200000|  0%| F|  |TAMS 0x000000070a000000, 0x000000070a000000| Untracked 
|  74|0x000000070a200000, 0x000000070a200000, 0x000000070a400000|  0%| F|  |TAMS 0x000000070a200000, 0x000000070a200000| Untracked 
|  75|0x000000070a400000, 0x000000070a400000, 0x000000070a600000|  0%| F|  |TAMS 0x000000070a400000, 0x000000070a400000| Untracked 
|  76|0x000000070a600000, 0x000000070a600000, 0x000000070a800000|  0%| F|  |TAMS 0x000000070a600000, 0x000000070a600000| Untracked 
|  77|0x000000070a800000, 0x000000070a800000, 0x000000070aa00000|  0%| F|  |TAMS 0x000000070a800000, 0x000000070a800000| Untracked 
|  78|0x000000070aa00000, 0x000000070aa00000, 0x000000070ac00000|  0%| F|  |TAMS 0x000000070aa00000, 0x000000070aa00000| Untracked 
|  79|0x000000070ac00000, 0x000000070ac00000, 0x000000070ae00000|  0%| F|  |TAMS 0x000000070ac00000, 0x000000070ac00000| Untracked 
|  80|0x000000070ae00000, 0x000000070ae00000, 0x000000070b000000|  0%| F|  |TAMS 0x000000070ae00000, 0x000000070ae00000| Untracked 
|  81|0x000000070b000000, 0x000000070b000000, 0x000000070b200000|  0%| F|  |TAMS 0x000000070b000000, 0x000000070b000000| Untracked 
|  82|0x000000070b200000, 0x000000070b200000, 0x000000070b400000|  0%| F|  |TAMS 0x000000070b200000, 0x000000070b200000| Untracked 
|  83|0x000000070b400000, 0x000000070b400000, 0x000000070b600000|  0%| F|  |TAMS 0x000000070b400000, 0x000000070b400000| Untracked 
|  84|0x000000070b600000, 0x000000070b600000, 0x000000070b800000|  0%| F|  |TAMS 0x000000070b600000, 0x000000070b600000| Untracked 
|  85|0x000000070b800000, 0x000000070b800000, 0x000000070ba00000|  0%| F|  |TAMS 0x000000070b800000, 0x000000070b800000| Untracked 
|  86|0x000000070ba00000, 0x000000070ba00000, 0x000000070bc00000|  0%| F|  |TAMS 0x000000070ba00000, 0x000000070ba00000| Untracked 
|  87|0x000000070bc00000, 0x000000070bc00000, 0x000000070be00000|  0%| F|  |TAMS 0x000000070bc00000, 0x000000070bc00000| Untracked 
|  88|0x000000070be00000, 0x000000070be00000, 0x000000070c000000|  0%| F|  |TAMS 0x000000070be00000, 0x000000070be00000| Untracked 
|  89|0x000000070c000000, 0x000000070c000000, 0x000000070c200000|  0%| F|  |TAMS 0x000000070c000000, 0x000000070c000000| Untracked 
|  90|0x000000070c200000, 0x000000070c200000, 0x000000070c400000|  0%| F|  |TAMS 0x000000070c200000, 0x000000070c200000| Untracked 
|  91|0x000000070c400000, 0x000000070c400000, 0x000000070c600000|  0%| F|  |TAMS 0x000000070c400000, 0x000000070c400000| Untracked 
|  92|0x000000070c600000, 0x000000070c600000, 0x000000070c800000|  0%| F|  |TAMS 0x000000070c600000, 0x000000070c600000| Untracked 
|  93|0x000000070c800000, 0x000000070c800000, 0x000000070ca00000|  0%| F|  |TAMS 0x000000070c800000, 0x000000070c800000| Untracked 
|  94|0x000000070ca00000, 0x000000070ca00000, 0x000000070cc00000|  0%| F|  |TAMS 0x000000070ca00000, 0x000000070ca00000| Untracked 
|  95|0x000000070cc00000, 0x000000070cc00000, 0x000000070ce00000|  0%| F|  |TAMS 0x000000070cc00000, 0x000000070cc00000| Untracked 
|  96|0x000000070ce00000, 0x000000070ce00000, 0x000000070d000000|  0%| F|  |TAMS 0x000000070ce00000, 0x000000070ce00000| Untracked 
|  97|0x000000070d000000, 0x000000070d000000, 0x000000070d200000|  0%| F|  |TAMS 0x000000070d000000, 0x000000070d000000| Untracked 
|  98|0x000000070d200000, 0x000000070d200000, 0x000000070d400000|  0%| F|  |TAMS 0x000000070d200000, 0x000000070d200000| Untracked 
|  99|0x000000070d400000, 0x000000070d400000, 0x000000070d600000|  0%| F|  |TAMS 0x000000070d400000, 0x000000070d400000| Untracked 
| 100|0x000000070d600000, 0x000000070d600000, 0x000000070d800000|  0%| F|  |TAMS 0x000000070d600000, 0x000000070d600000| Untracked 
| 101|0x000000070d800000, 0x000000070d800000, 0x000000070da00000|  0%| F|  |TAMS 0x000000070d800000, 0x000000070d800000| Untracked 
| 102|0x000000070da00000, 0x000000070da00000, 0x000000070dc00000|  0%| F|  |TAMS 0x000000070da00000, 0x000000070da00000| Untracked 
| 103|0x000000070dc00000, 0x000000070dc00000, 0x000000070de00000|  0%| F|  |TAMS 0x000000070dc00000, 0x000000070dc00000| Untracked 
| 104|0x000000070de00000, 0x000000070de00000, 0x000000070e000000|  0%| F|  |TAMS 0x000000070de00000, 0x000000070de00000| Untracked 
| 105|0x000000070e000000, 0x000000070e200000, 0x000000070e200000|100%| S|  |TAMS 0x000000070e000000, 0x000000070e000000| Complete 
| 106|0x000000070e200000, 0x000000070e400000, 0x000000070e400000|100%| S|  |TAMS 0x000000070e200000, 0x000000070e200000| Complete 
| 107|0x000000070e400000, 0x000000070e600000, 0x000000070e600000|100%| S|  |TAMS 0x000000070e400000, 0x000000070e400000| Complete 
| 108|0x000000070e600000, 0x000000070e800000, 0x000000070e800000|100%| E|CS|TAMS 0x000000070e600000, 0x000000070e600000| Complete 
| 109|0x000000070e800000, 0x000000070ea00000, 0x000000070ea00000|100%| E|CS|TAMS 0x000000070e800000, 0x000000070e800000| Complete 
| 110|0x000000070ea00000, 0x000000070ec00000, 0x000000070ec00000|100%| E|CS|TAMS 0x000000070ea00000, 0x000000070ea00000| Complete 
| 111|0x000000070ec00000, 0x000000070ee00000, 0x000000070ee00000|100%| E|CS|TAMS 0x000000070ec00000, 0x000000070ec00000| Complete 
| 112|0x000000070ee00000, 0x000000070f000000, 0x000000070f000000|100%| E|CS|TAMS 0x000000070ee00000, 0x000000070ee00000| Complete 
| 113|0x000000070f000000, 0x000000070f200000, 0x000000070f200000|100%| E|CS|TAMS 0x000000070f000000, 0x000000070f000000| Complete 
| 114|0x000000070f200000, 0x000000070f400000, 0x000000070f400000|100%| E|CS|TAMS 0x000000070f200000, 0x000000070f200000| Complete 
| 115|0x000000070f400000, 0x000000070f4cd470, 0x000000070f600000| 40%| E|CS|TAMS 0x000000070f400000, 0x000000070f400000| Complete 
| 116|0x000000070f600000, 0x000000070f800000, 0x000000070f800000|100%| E|CS|TAMS 0x000000070f600000, 0x000000070f600000| Complete 
| 117|0x000000070f800000, 0x000000070fa00000, 0x000000070fa00000|100%| E|CS|TAMS 0x000000070f800000, 0x000000070f800000| Complete 
| 118|0x000000070fa00000, 0x000000070fc00000, 0x000000070fc00000|100%| E|CS|TAMS 0x000000070fa00000, 0x000000070fa00000| Complete 
| 119|0x000000070fc00000, 0x000000070fe00000, 0x000000070fe00000|100%| E|CS|TAMS 0x000000070fc00000, 0x000000070fc00000| Complete 
| 120|0x000000070fe00000, 0x0000000710000000, 0x0000000710000000|100%| E|CS|TAMS 0x000000070fe00000, 0x000000070fe00000| Complete 
| 121|0x0000000710000000, 0x0000000710200000, 0x0000000710200000|100%| E|CS|TAMS 0x0000000710000000, 0x0000000710000000| Complete 
| 122|0x0000000710200000, 0x0000000710400000, 0x0000000710400000|100%| E|CS|TAMS 0x0000000710200000, 0x0000000710200000| Complete 
| 123|0x0000000710400000, 0x0000000710600000, 0x0000000710600000|100%| E|CS|TAMS 0x0000000710400000, 0x0000000710400000| Complete 
| 124|0x0000000710600000, 0x0000000710800000, 0x0000000710800000|100%| E|CS|TAMS 0x0000000710600000, 0x0000000710600000| Complete 
| 125|0x0000000710800000, 0x0000000710a00000, 0x0000000710a00000|100%| E|CS|TAMS 0x0000000710800000, 0x0000000710800000| Complete 
| 126|0x0000000710a00000, 0x0000000710c00000, 0x0000000710c00000|100%| E|CS|TAMS 0x0000000710a00000, 0x0000000710a00000| Complete 
| 127|0x0000000710c00000, 0x0000000710e00000, 0x0000000710e00000|100%| E|CS|TAMS 0x0000000710c00000, 0x0000000710c00000| Complete 

Card table byte_map: [0x0000024b6b8f0000,0x0000024b6c0f0000] _byte_map_base: 0x0000024b680e9000

Marking Bits (Prev, Next): (CMBitMap*) 0x0000024b51734f10, (CMBitMap*) 0x0000024b51734f50
 Prev Bits: [0x0000024b6c8f0000, 0x0000024b708b8000)
 Next Bits: [0x0000024b708c0000, 0x0000024b74888000)

Polling page: 0x0000024b517c0000

Metaspace:

Usage:
  Non-class:     12.81 MB capacity,    12.71 MB (>99%) used,    77.88 KB ( <1%) free+waste,    21.88 KB ( <1%) overhead. 
      Class:      2.26 MB capacity,     2.18 MB ( 96%) used,    78.38 KB (  3%) free+waste,     9.88 KB ( <1%) overhead. 
       Both:     15.07 MB capacity,    14.89 MB ( 99%) used,   156.25 KB (  1%) free+waste,    31.75 KB ( <1%) overhead. 

Virtual space:
  Non-class space:       14.00 MB reserved,      13.00 MB ( 93%) committed 
      Class space:        1.00 GB reserved,       2.38 MB ( <1%) committed 
             Both:        1.01 GB reserved,      15.38 MB (  1%) committed 

Chunk freelists:
   Non-Class:  5.00 KB
       Class:  18.00 KB
        Both:  23.00 KB

MaxMetaspaceSize: 17179869184.00 GB
CompressedClassSpaceSize: 1.00 GB

CodeHeap 'non-profiled nmethods': size=119168Kb used=640Kb max_used=640Kb free=118527Kb
 bounds [0x0000024b62cc0000, 0x0000024b62f30000, 0x0000024b6a120000]
CodeHeap 'profiled nmethods': size=119104Kb used=3560Kb max_used=3560Kb free=115543Kb
 bounds [0x0000024b5b870000, 0x0000024b5bbf0000, 0x0000024b62cc0000]
CodeHeap 'non-nmethods': size=7488Kb used=3110Kb max_used=3167Kb free=4377Kb
 bounds [0x0000024b5b120000, 0x0000024b5b440000, 0x0000024b5b870000]
 total_blobs=2636 nmethods=1892 adapters=653
 compilation: enabled
              stopped_count=0, restarted_count=0
 full_count=0

Compilation events (20 events):
Event: 0.734 Thread 0x0000024b7815b1b0 1882       3       java.lang.invoke.LambdaForm$DMH/0x0000000800c43440::invokeStatic (31 bytes)
Event: 0.734 Thread 0x0000024b783a0580 1883       3       java.lang.Class::privateGetDeclaredConstructors (79 bytes)
Event: 0.734 Thread 0x0000024b7815b1b0 nmethod 1882 0x0000024b5bbe5490 code [0x0000024b5bbe5660, 0x0000024b5bbe5b18]
Event: 0.734 Thread 0x0000024b783a0580 nmethod 1883 0x0000024b5bbe5c10 code [0x0000024b5bbe5e00, 0x0000024b5bbe6328]
Event: 0.735 Thread 0x0000024b7815b1b0 1884       3       jdk.internal.loader.NativeLibraries::find (72 bytes)
Event: 0.735 Thread 0x0000024b783a0580 1886       3       java.lang.invoke.LambdaForm::returnType (26 bytes)
Event: 0.735 Thread 0x0000024b783a0580 nmethod 1886 0x0000024b5bbe6510 code [0x0000024b5bbe66a0, 0x0000024b5bbe6838]
Event: 0.735 Thread 0x0000024b7815b1b0 nmethod 1884 0x0000024b5bbe6910 code [0x0000024b5bbe6b40, 0x0000024b5bbe73b8]
Event: 0.735 Thread 0x0000024b783a0580 1887       3       jdk.internal.org.objectweb.asm.MethodWriter::visitAnnotation (40 bytes)
Event: 0.735 Thread 0x0000024b7815b1b0 1888       3       jdk.internal.org.objectweb.asm.AnnotationWriter::create (34 bytes)
Event: 0.735 Thread 0x0000024b783a0f40 1889       3       jdk.internal.org.objectweb.asm.AnnotationWriter::<init> (60 bytes)
Event: 0.735 Thread 0x0000024b782e07e0 1890       3       jdk.internal.org.objectweb.asm.AnnotationVisitor::<init> (7 bytes)
Event: 0.735 Thread 0x0000024b782e07e0 nmethod 1890 0x0000024b5bbe7610 code [0x0000024b5bbe77c0, 0x0000024b5bbe78e8]
Event: 0.735 Thread 0x0000024b783a0580 nmethod 1887 0x0000024b5bbe7990 code [0x0000024b5bbe7b40, 0x0000024b5bbe7df8]
Event: 0.735 Thread 0x0000024b782e07e0 1891       3       jdk.internal.org.objectweb.asm.AnnotationVisitor::<init> (88 bytes)
Event: 0.735 Thread 0x0000024b783a0580 1892       3       jdk.internal.org.objectweb.asm.AnnotationWriter::visitEnd (44 bytes)
Event: 0.735 Thread 0x0000024b7815b1b0 nmethod 1888 0x0000024b5bbe7e90 code [0x0000024b5bbe8080, 0x0000024b5bbe8538]
Event: 0.735 Thread 0x0000024b783a0f40 nmethod 1889 0x0000024b5bbe8710 code [0x0000024b5bbe88e0, 0x0000024b5bbe8ce8]
Event: 0.735 Thread 0x0000024b783a0580 nmethod 1892 0x0000024b5bbe8e90 code [0x0000024b5bbe9020, 0x0000024b5bbe91b8]
Event: 0.736 Thread 0x0000024b782e07e0 nmethod 1891 0x0000024b5bbe9310 code [0x0000024b5bbe9560, 0x0000024b5bbe9e48]

GC Heap History (3 events):
Event: 0.350 GC heap before
{Heap before GC invocations=0 (full 0):
 garbage-first heap   total 262144K, used 22528K [0x0000000700e00000, 0x0000000800000000)
  region size 2048K, 11 young (22528K), 0 survivors (0K)
 Metaspace       used 5928K, capacity 7384K, committed 7552K, reserved 1056768K
  class space    used 683K, capacity 795K, committed 896K, reserved 1048576K
}
Event: 0.352 GC heap after
{Heap after GC invocations=1 (full 0):
 garbage-first heap   total 262144K, used 2869K [0x0000000700e00000, 0x0000000800000000)
  region size 2048K, 2 young (4096K), 2 survivors (4096K)
 Metaspace       used 5928K, capacity 7384K, committed 7552K, reserved 1056768K
  class space    used 683K, capacity 795K, committed 896K, reserved 1048576K
}
Event: 0.738 GC heap before
{Heap before GC invocations=1 (full 0):
 garbage-first heap   total 262144K, used 39733K [0x0000000700e00000, 0x0000000800000000)
  region size 2048K, 20 young (40960K), 2 survivors (4096K)
 Metaspace       used 15245K, capacity 15433K, committed 15744K, reserved 1062912K
  class space    used 2229K, capacity 2318K, committed 2432K, reserved 1048576K
}

Deoptimization events (20 events):
Event: 0.561 Thread 0x0000024b78b1aad0 Uncommon trap: trap_request=0xffffff45 fr.pc=0x0000024b62cddb34 relative=0x0000000000000034
Event: 0.561 Thread 0x0000024b78b1aad0 Uncommon trap: reason=unstable_if action=reinterpret pc=0x0000024b62cddb34 method=java.lang.StringLatin1.canEncode(I)Z @ 4 c2
Event: 0.561 Thread 0x0000024b78b1aad0 DEOPT PACKING pc=0x0000024b62cddb34 sp=0x00000058b8bfb840
Event: 0.561 Thread 0x0000024b78b1aad0 DEOPT UNPACKING pc=0x0000024b5b16e42f sp=0x00000058b8bfb7d0 mode 2
Event: 0.608 Thread 0x0000024b78b1aad0 Uncommon trap: trap_request=0xffffffde fr.pc=0x0000024b62cd96bc relative=0x000000000000019c
Event: 0.608 Thread 0x0000024b78b1aad0 Uncommon trap: reason=class_check action=maybe_recompile pc=0x0000024b62cd96bc method=java.lang.String.equals(Ljava/lang/Object;)Z @ 8 c2
Event: 0.608 Thread 0x0000024b78b1aad0 DEOPT PACKING pc=0x0000024b62cd96bc sp=0x00000058b8bfd3d0
Event: 0.608 Thread 0x0000024b78b1aad0 DEOPT UNPACKING pc=0x0000024b5b16e42f sp=0x00000058b8bfd378 mode 2
Event: 0.608 Thread 0x0000024b78b1aad0 Uncommon trap: trap_request=0xffffffde fr.pc=0x0000024b62cd96bc relative=0x000000000000019c
Event: 0.608 Thread 0x0000024b78b1aad0 Uncommon trap: reason=class_check action=maybe_recompile pc=0x0000024b62cd96bc method=java.lang.String.equals(Ljava/lang/Object;)Z @ 8 c2
Event: 0.608 Thread 0x0000024b78b1aad0 DEOPT PACKING pc=0x0000024b62cd96bc sp=0x00000058b8bfd2e0
Event: 0.608 Thread 0x0000024b78b1aad0 DEOPT UNPACKING pc=0x0000024b5b16e42f sp=0x00000058b8bfd288 mode 2
Event: 0.608 Thread 0x0000024b78b1aad0 Uncommon trap: trap_request=0xffffffde fr.pc=0x0000024b62cd96bc relative=0x000000000000019c
Event: 0.608 Thread 0x0000024b78b1aad0 Uncommon trap: reason=class_check action=maybe_recompile pc=0x0000024b62cd96bc method=java.lang.String.equals(Ljava/lang/Object;)Z @ 8 c2
Event: 0.608 Thread 0x0000024b78b1aad0 DEOPT PACKING pc=0x0000024b62cd96bc sp=0x00000058b8bfd2e0
Event: 0.608 Thread 0x0000024b78b1aad0 DEOPT UNPACKING pc=0x0000024b5b16e42f sp=0x00000058b8bfd288 mode 2
Event: 0.609 Thread 0x0000024b78b1aad0 Uncommon trap: trap_request=0xffffffde fr.pc=0x0000024b62cd96bc relative=0x000000000000019c
Event: 0.609 Thread 0x0000024b78b1aad0 Uncommon trap: reason=class_check action=maybe_recompile pc=0x0000024b62cd96bc method=java.lang.String.equals(Ljava/lang/Object;)Z @ 8 c2
Event: 0.609 Thread 0x0000024b78b1aad0 DEOPT PACKING pc=0x0000024b62cd96bc sp=0x00000058b8bfd220
Event: 0.609 Thread 0x0000024b78b1aad0 DEOPT UNPACKING pc=0x0000024b5b16e42f sp=0x00000058b8bfd1c8 mode 2

Classes unloaded (0 events):
No events

Classes redefined (0 events):
No events

Internal exceptions (20 events):
Event: 0.370 Thread 0x0000024b78b1aad0 Exception <a 'java/lang/NoSuchMethodError'{0x0000000710b3a498}: 'void java.lang.invoke.DirectMethodHandle$Holder.invokeSpecial(java.lang.Object, java.lang.Object, java.lang.Object, java.lang.Object, java.lang.Object)'> (0x0000000710b3a498) 
thrown [./open/src/hotspot/share/interpreter/linkResolver.cpp, line 782]
Event: 0.427 Thread 0x0000024b78b1aad0 Exception <a 'java/lang/NoSuchMethodError'{0x00000007102e9e40}: 'void java.lang.invoke.DirectMethodHandle$Holder.invokeStaticInit(java.lang.Object, java.lang.Object)'> (0x00000007102e9e40) 
thrown [./open/src/hotspot/share/interpreter/linkResolver.cpp, line 782]
Event: 0.438 Thread 0x0000024b78b1aad0 Exception <a 'sun/nio/fs/WindowsException'{0x00000007100579b0}> (0x00000007100579b0) 
thrown [./open/src/hotspot/share/prims/jni.cpp, line 578]
Event: 0.526 Thread 0x0000024b78b1aad0 Exception <a 'sun/nio/fs/WindowsException'{0x000000070fae6768}> (0x000000070fae6768) 
thrown [./open/src/hotspot/share/prims/jni.cpp, line 578]
Event: 0.531 Thread 0x0000024b78b1aad0 Exception <a 'java/io/FileNotFoundException'{0x000000070fb04e20}> (0x000000070fb04e20) 
thrown [./open/src/hotspot/share/prims/jni.cpp, line 578]
Event: 0.553 Thread 0x0000024b78b1aad0 Implicit null exception at 0x0000024b62d21d34 to 0x0000024b62d22224
Event: 0.557 Thread 0x0000024b78b1aad0 Implicit null exception at 0x0000024b62d2112f to 0x0000024b62d21604
Event: 0.557 Thread 0x0000024b78b1aad0 Implicit null exception at 0x0000024b62d087af to 0x0000024b62d08829
Event: 0.618 Thread 0x0000024b78b1aad0 Exception <a 'java/lang/NoSuchMethodError'{0x000000070f085cd8}: 'java.lang.Object java.lang.invoke.DirectMethodHandle$Holder.invokeInterface(java.lang.Object, java.lang.Object, java.lang.Object)'> (0x000000070f085cd8) 
thrown [./open/src/hotspot/share/interpreter/linkResolver.cpp, line 782]
Event: 0.618 Thread 0x0000024b78b1aad0 Exception <a 'java/lang/IncompatibleClassChangeError'{0x000000070f089858}: Found class java.lang.Object, but interface was expected> (0x000000070f089858) 
thrown [./open/src/hotspot/share/interpreter/linkResolver.cpp, line 848]
Event: 0.639 Thread 0x0000024b78b1aad0 Exception <a 'java/lang/ClassNotFoundException'{0x000000070ee7a5c0}: com/sun/javafx/scene/control/skin/resources/controls> (0x000000070ee7a5c0) 
thrown [./open/src/hotspot/share/prims/jni.cpp, line 599]
Event: 0.639 Thread 0x0000024b78b1aad0 Exception <a 'java/lang/ClassNotFoundException'{0x000000070ee880b8}: com/sun/javafx/scene/control/skin/resources/controls_en> (0x000000070ee880b8) 
thrown [./open/src/hotspot/share/prims/jni.cpp, line 599]
Event: 0.639 Thread 0x0000024b78b1aad0 Exception <a 'java/lang/ClassNotFoundException'{0x000000070ee89050}: com/sun/javafx/scene/control/skin/resources/controls_en_US> (0x000000070ee89050) 
thrown [./open/src/hotspot/share/prims/jni.cpp, line 599]
Event: 0.657 Thread 0x0000024b78b1aad0 Exception <a 'java/lang/NoSuchMethodError'{0x000000070ec49e70}: 'void java.lang.invoke.DirectMethodHandle$Holder.invokeSpecial(java.lang.Object, java.lang.Object, java.lang.Object, java.lang.Object, java.lang.Object, java.lang.Object)'> (0x000000070ec49e70) 
thrown [./open/src/hotspot/share/interpreter/linkResolver.cpp, line 782]
Event: 0.704 Thread 0x0000024b78b1aad0 Exception <a 'java/lang/NoSuchMethodError'{0x000000070e8f2788}: 'java.lang.Object java.lang.invoke.DirectMethodHandle$Holder.newInvokeSpecial(java.lang.Object, java.lang.Object, int)'> (0x000000070e8f2788) 
thrown [./open/src/hotspot/share/interpreter/linkResolver.cpp, line 782]
Event: 0.719 Thread 0x0000024b783f5ba0 Exception <a 'java/lang/NoSuchMethodError'{0x000000070e687300}: 'int java.lang.invoke.DirectMethodHandle$Holder.invokeStaticInit(java.lang.Object, java.lang.Object)'> (0x000000070e687300) 
thrown [./open/src/hotspot/share/interpreter/linkResolver.cpp, line 782]
Event: 0.734 Thread 0x0000024b78b1aad0 Exception <a 'java/lang/NoSuchMethodError'{0x000000070e668000}: 'long java.lang.invoke.DirectMethodHandle$Holder.invokeStatic(java.lang.Object, java.lang.Object, java.lang.Object)'> (0x000000070e668000) 
thrown [./open/src/hotspot/share/interpreter/linkResolver.cpp, line 782]
Event: 0.734 Thread 0x0000024b78b1aad0 Exception <a 'java/lang/NoSuchMethodError'{0x000000070e66b9b0}: 'long java.lang.invoke.DirectMethodHandle$Holder.invokeStaticInit(java.lang.Object, java.lang.Object, java.lang.Object)'> (0x000000070e66b9b0) 
thrown [./open/src/hotspot/share/interpreter/linkResolver.cpp, line 782]
Event: 0.735 Thread 0x0000024b78b1aad0 Exception <a 'java/lang/NoSuchMethodError'{0x000000070e7adcd8}: 'java.lang.Object java.lang.invoke.DirectMethodHandle$Holder.newInvokeSpecial(java.lang.Object, java.lang.Object, long)'> (0x000000070e7adcd8) 
thrown [./open/src/hotspot/share/interpreter/linkResolver.cpp, line 782]
Event: 0.735 Thread 0x0000024b78b1aad0 Exception <a 'java/lang/NoSuchMethodError'{0x000000070e7b1a48}: 'java.lang.Object java.lang.invoke.Invokers$Holder.linkToTargetMethod(java.lang.Object, long, java.lang.Object)'> (0x000000070e7b1a48) 
thrown [./open/src/hotspot/share/interpreter/linkResolver.cpp, line 782]

Events (20 events):
Event: 0.700 loading class jdk/internal/icu/text/UTF16 done
Event: 0.700 loading class jdk/internal/icu/text/BidiLine
Event: 0.700 loading class jdk/internal/icu/text/BidiLine done
Event: 0.706 loading class java/util/WeakHashMap$EntrySet
Event: 0.706 loading class java/util/WeakHashMap$EntrySet done
Event: 0.706 loading class java/util/WeakHashMap$EntryIterator
Event: 0.706 loading class java/util/WeakHashMap$EntryIterator done
Event: 0.708 loading class java/util/ConcurrentModificationException
Event: 0.708 loading class java/util/ConcurrentModificationException done
Event: 0.726 loading class java/nio/ShortBuffer
Event: 0.726 loading class java/nio/ShortBuffer done
Event: 0.726 loading class java/nio/DoubleBuffer
Event: 0.727 loading class java/nio/DoubleBuffer done
Event: 0.727 loading class java/nio/DirectFloatBufferU
Event: 0.727 loading class java/nio/DirectFloatBufferU done
Event: 0.733 loading class java/util/concurrent/ConcurrentLinkedQueue
Event: 0.733 loading class java/util/concurrent/ConcurrentLinkedQueue done
Event: 0.733 loading class java/util/concurrent/ConcurrentLinkedQueue$Node
Event: 0.733 loading class java/util/concurrent/ConcurrentLinkedQueue$Node done
Event: 0.737 Executing VM operation: G1CollectForAllocation


Dynamic libraries:
0x00007ff782f80000 - 0x00007ff782f8f000 	C:\Program Files\Java\jdk-15.0.2\bin\java.exe
0x00007ffeedab0000 - 0x00007ffeedca5000 	C:\WINDOWS\SYSTEM32\ntdll.dll
0x00007ffeecc30000 - 0x00007ffeecced000 	C:\WINDOWS\System32\KERNEL32.DLL
0x00007ffeeb2f0000 - 0x00007ffeeb5b9000 	C:\WINDOWS\System32\KERNELBASE.dll
0x00007ffeeb8e0000 - 0x00007ffeeb9e0000 	C:\WINDOWS\System32\ucrtbase.dll
0x00007ffee3620000 - 0x00007ffee3639000 	C:\Program Files\Java\jdk-15.0.2\bin\VCRUNTIME140.dll
0x00007ffee3640000 - 0x00007ffee3658000 	C:\Program Files\Java\jdk-15.0.2\bin\jli.dll
0x00007ffeed630000 - 0x00007ffeed6dc000 	C:\WINDOWS\System32\ADVAPI32.dll
0x00007ffeed590000 - 0x00007ffeed62e000 	C:\WINDOWS\System32\msvcrt.dll
0x00007ffeecb80000 - 0x00007ffeecc1b000 	C:\WINDOWS\System32\sechost.dll
0x00007ffeed870000 - 0x00007ffeed99a000 	C:\WINDOWS\System32\RPCRT4.dll
0x00007ffeece90000 - 0x00007ffeed030000 	C:\WINDOWS\System32\USER32.dll
0x00007ffeebaf0000 - 0x00007ffeebb12000 	C:\WINDOWS\System32\win32u.dll
0x00007ffeecd60000 - 0x00007ffeecd8a000 	C:\WINDOWS\System32\GDI32.dll
0x00007ffec1fd0000 - 0x00007ffec226a000 	C:\WINDOWS\WinSxS\amd64_microsoft.windows.common-controls_6595b64144ccf1df_6.0.19041.1110_none_60b5254171f9507e\COMCTL32.dll
0x00007ffeeb9e0000 - 0x00007ffeebaeb000 	C:\WINDOWS\System32\gdi32full.dll
0x00007ffeeb7b0000 - 0x00007ffeeb84d000 	C:\WINDOWS\System32\msvcp_win.dll
0x00007ffee1320000 - 0x00007ffee132a000 	C:\WINDOWS\SYSTEM32\VERSION.dll
0x00007ffeec9c0000 - 0x00007ffeec9f0000 	C:\WINDOWS\System32\IMM32.DLL
0x00007ffee8a10000 - 0x00007ffee8a1c000 	C:\Program Files\Java\jdk-15.0.2\bin\vcruntime140_1.dll
0x00007ffece210000 - 0x00007ffece2a1000 	C:\Program Files\Java\jdk-15.0.2\bin\msvcp140.dll
0x00007ffeae870000 - 0x00007ffeaf3ce000 	C:\Program Files\Java\jdk-15.0.2\bin\server\jvm.dll
0x00007ffeeccf0000 - 0x00007ffeeccf8000 	C:\WINDOWS\System32\PSAPI.DLL
0x00007ffee6dd0000 - 0x00007ffee6dd9000 	C:\WINDOWS\SYSTEM32\WSOCK32.dll
0x00007ffedb500000 - 0x00007ffedb527000 	C:\WINDOWS\SYSTEM32\WINMM.dll
0x00007ffeed090000 - 0x00007ffeed0fb000 	C:\WINDOWS\System32\WS2_32.dll
0x00007ffee9140000 - 0x00007ffee9152000 	C:\WINDOWS\SYSTEM32\kernel.appcore.dll
0x00007ffee5e50000 - 0x00007ffee5e5a000 	C:\Program Files\Java\jdk-15.0.2\bin\jimage.dll
0x00007ffededd0000 - 0x00007ffedefb4000 	C:\WINDOWS\SYSTEM32\DBGHELP.DLL
0x00007ffedec70000 - 0x00007ffedec9c000 	C:\WINDOWS\SYSTEM32\dbgcore.DLL
0x00007ffeeb720000 - 0x00007ffeeb7a3000 	C:\WINDOWS\System32\bcryptPrimitives.dll
0x00007ffee5830000 - 0x00007ffee583e000 	C:\Program Files\Java\jdk-15.0.2\bin\instrument.dll
0x00007ffee35f0000 - 0x00007ffee3615000 	C:\Program Files\Java\jdk-15.0.2\bin\java.dll
0x00007ffeec030000 - 0x00007ffeec76f000 	C:\WINDOWS\System32\SHELL32.dll
0x00007ffee9340000 - 0x00007ffee9ad1000 	C:\WINDOWS\SYSTEM32\windows.storage.dll
0x00007ffeebcd0000 - 0x00007ffeec025000 	C:\WINDOWS\System32\combase.dll
0x00007ffeeac60000 - 0x00007ffeeac8c000 	C:\WINDOWS\SYSTEM32\Wldp.dll
0x00007ffeec7f0000 - 0x00007ffeec89e000 	C:\WINDOWS\System32\SHCORE.dll
0x00007ffeed030000 - 0x00007ffeed085000 	C:\WINDOWS\System32\shlwapi.dll
0x00007ffeeb130000 - 0x00007ffeeb14f000 	C:\WINDOWS\SYSTEM32\profapi.dll
0x00007ffee3440000 - 0x00007ffee3459000 	C:\Program Files\Java\jdk-15.0.2\bin\net.dll
0x00007ffee1ff0000 - 0x00007ffee20fa000 	C:\WINDOWS\SYSTEM32\WINHTTP.dll
0x00007ffeea9c0000 - 0x00007ffeeaa2a000 	C:\WINDOWS\system32\mswsock.dll
0x00007ffee30c0000 - 0x00007ffee30d2000 	C:\Program Files\Java\jdk-15.0.2\bin\nio.dll
0x00007ffee30a0000 - 0x00007ffee30b8000 	C:\Program Files\Java\jdk-15.0.2\bin\zip.dll
0x00007ffede920000 - 0x00007ffede93a000 	C:\Program Files\JetBrains\IntelliJ IDEA 2020.3.2\bin\breakgen64.dll
0x0000024b78e30000 - 0x0000024b78e33000 	C:\openjfx-16_windows-x64_bin-sdk\javafx-sdk-16\bin\api-ms-win-core-console-l1-1-0.dll
0x0000024b78e40000 - 0x0000024b78e43000 	C:\openjfx-16_windows-x64_bin-sdk\javafx-sdk-16\bin\api-ms-win-core-console-l1-2-0.dll
0x0000024b78e50000 - 0x0000024b78e53000 	C:\openjfx-16_windows-x64_bin-sdk\javafx-sdk-16\bin\api-ms-win-core-datetime-l1-1-0.dll
0x0000024b78e60000 - 0x0000024b78e63000 	C:\openjfx-16_windows-x64_bin-sdk\javafx-sdk-16\bin\api-ms-win-core-debug-l1-1-0.dll
0x0000024b78e70000 - 0x0000024b78e73000 	C:\openjfx-16_windows-x64_bin-sdk\javafx-sdk-16\bin\api-ms-win-core-errorhandling-l1-1-0.dll
0x0000024b78e80000 - 0x0000024b78e84000 	C:\openjfx-16_windows-x64_bin-sdk\javafx-sdk-16\bin\api-ms-win-core-file-l1-1-0.dll
0x0000024b78e90000 - 0x0000024b78e93000 	C:\openjfx-16_windows-x64_bin-sdk\javafx-sdk-16\bin\api-ms-win-core-file-l1-2-0.dll
0x0000024b78ea0000 - 0x0000024b78ea3000 	C:\openjfx-16_windows-x64_bin-sdk\javafx-sdk-16\bin\api-ms-win-core-file-l2-1-0.dll
0x0000024b78eb0000 - 0x0000024b78eb3000 	C:\openjfx-16_windows-x64_bin-sdk\javafx-sdk-16\bin\api-ms-win-core-handle-l1-1-0.dll
0x0000024b78ec0000 - 0x0000024b78ec3000 	C:\openjfx-16_windows-x64_bin-sdk\javafx-sdk-16\bin\api-ms-win-core-heap-l1-1-0.dll
0x0000024b78ed0000 - 0x0000024b78ed3000 	C:\openjfx-16_windows-x64_bin-sdk\javafx-sdk-16\bin\api-ms-win-core-interlocked-l1-1-0.dll
0x0000024b78ee0000 - 0x0000024b78ee3000 	C:\openjfx-16_windows-x64_bin-sdk\javafx-sdk-16\bin\api-ms-win-core-libraryloader-l1-1-0.dll
0x0000024b78ef0000 - 0x0000024b78ef3000 	C:\openjfx-16_windows-x64_bin-sdk\javafx-sdk-16\bin\api-ms-win-core-localization-l1-2-0.dll
0x0000024b78f00000 - 0x0000024b78f03000 	C:\openjfx-16_windows-x64_bin-sdk\javafx-sdk-16\bin\api-ms-win-core-memory-l1-1-0.dll
0x0000024b78f10000 - 0x0000024b78f13000 	C:\openjfx-16_windows-x64_bin-sdk\javafx-sdk-16\bin\api-ms-win-core-namedpipe-l1-1-0.dll
0x0000024b78f20000 - 0x0000024b78f23000 	C:\openjfx-16_windows-x64_bin-sdk\javafx-sdk-16\bin\api-ms-win-core-processenvironment-l1-1-0.dll
0x0000024b78f30000 - 0x0000024b78f33000 	C:\openjfx-16_windows-x64_bin-sdk\javafx-sdk-16\bin\api-ms-win-core-processthreads-l1-1-0.dll
0x0000024b78f40000 - 0x0000024b78f43000 	C:\openjfx-16_windows-x64_bin-sdk\javafx-sdk-16\bin\api-ms-win-core-processthreads-l1-1-1.dll
0x0000024b78f50000 - 0x0000024b78f53000 	C:\openjfx-16_windows-x64_bin-sdk\javafx-sdk-16\bin\api-ms-win-core-profile-l1-1-0.dll
0x0000024b78f60000 - 0x0000024b78f63000 	C:\openjfx-16_windows-x64_bin-sdk\javafx-sdk-16\bin\api-ms-win-core-rtlsupport-l1-1-0.dll
0x0000024b78f70000 - 0x0000024b78f73000 	C:\openjfx-16_windows-x64_bin-sdk\javafx-sdk-16\bin\api-ms-win-core-string-l1-1-0.dll
0x0000024b78f80000 - 0x0000024b78f83000 	C:\openjfx-16_windows-x64_bin-sdk\javafx-sdk-16\bin\api-ms-win-core-synch-l1-1-0.dll
0x0000024b78f90000 - 0x0000024b78f93000 	C:\openjfx-16_windows-x64_bin-sdk\javafx-sdk-16\bin\api-ms-win-core-synch-l1-2-0.dll
0x0000024b78fa0000 - 0x0000024b78fa3000 	C:\openjfx-16_windows-x64_bin-sdk\javafx-sdk-16\bin\api-ms-win-core-sysinfo-l1-1-0.dll
0x0000024b78fb0000 - 0x0000024b78fb3000 	C:\openjfx-16_windows-x64_bin-sdk\javafx-sdk-16\bin\api-ms-win-core-timezone-l1-1-0.dll
0x0000024b78fc0000 - 0x0000024b78fc3000 	C:\openjfx-16_windows-x64_bin-sdk\javafx-sdk-16\bin\api-ms-win-core-util-l1-1-0.dll
0x0000024b78fd0000 - 0x0000024b78fd3000 	C:\openjfx-16_windows-x64_bin-sdk\javafx-sdk-16\bin\api-ms-win-crt-conio-l1-1-0.dll
0x0000024b78fe0000 - 0x0000024b78fe4000 	C:\openjfx-16_windows-x64_bin-sdk\javafx-sdk-16\bin\api-ms-win-crt-convert-l1-1-0.dll
0x0000024b78ff0000 - 0x0000024b78ff3000 	C:\openjfx-16_windows-x64_bin-sdk\javafx-sdk-16\bin\api-ms-win-crt-environment-l1-1-0.dll
0x0000024b79000000 - 0x0000024b79003000 	C:\openjfx-16_windows-x64_bin-sdk\javafx-sdk-16\bin\api-ms-win-crt-filesystem-l1-1-0.dll
0x0000024b79010000 - 0x0000024b79013000 	C:\openjfx-16_windows-x64_bin-sdk\javafx-sdk-16\bin\api-ms-win-crt-heap-l1-1-0.dll
0x0000024b79020000 - 0x0000024b79023000 	C:\openjfx-16_windows-x64_bin-sdk\javafx-sdk-16\bin\api-ms-win-crt-locale-l1-1-0.dll
0x0000024b79030000 - 0x0000024b79035000 	C:\openjfx-16_windows-x64_bin-sdk\javafx-sdk-16\bin\api-ms-win-crt-math-l1-1-0.dll
0x0000024b79040000 - 0x0000024b79045000 	C:\openjfx-16_windows-x64_bin-sdk\javafx-sdk-16\bin\api-ms-win-crt-multibyte-l1-1-0.dll
0x0000024b79050000 - 0x0000024b79060000 	C:\openjfx-16_windows-x64_bin-sdk\javafx-sdk-16\bin\api-ms-win-crt-private-l1-1-0.dll
0x0000024b79060000 - 0x0000024b79063000 	C:\openjfx-16_windows-x64_bin-sdk\javafx-sdk-16\bin\api-ms-win-crt-process-l1-1-0.dll
0x0000024b79070000 - 0x0000024b79074000 	C:\openjfx-16_windows-x64_bin-sdk\javafx-sdk-16\bin\api-ms-win-crt-runtime-l1-1-0.dll
0x0000024b79080000 - 0x0000024b79084000 	C:\openjfx-16_windows-x64_bin-sdk\javafx-sdk-16\bin\api-ms-win-crt-stdio-l1-1-0.dll
0x0000024b79090000 - 0x0000024b79094000 	C:\openjfx-16_windows-x64_bin-sdk\javafx-sdk-16\bin\api-ms-win-crt-string-l1-1-0.dll
0x0000024b790a0000 - 0x0000024b790a3000 	C:\openjfx-16_windows-x64_bin-sdk\javafx-sdk-16\bin\api-ms-win-crt-time-l1-1-0.dll
0x0000024b790b0000 - 0x0000024b790b3000 	C:\openjfx-16_windows-x64_bin-sdk\javafx-sdk-16\bin\api-ms-win-crt-utility-l1-1-0.dll
0x00007ffec8ba0000 - 0x00007ffec8c9c000 	C:\openjfx-16_windows-x64_bin-sdk\javafx-sdk-16\bin\ucrtbase.dll
0x00007ffece1f0000 - 0x00007ffece209000 	C:\openjfx-16_windows-x64_bin-sdk\javafx-sdk-16\bin\vcruntime140.dll
0x00007ffedea90000 - 0x00007ffedea9c000 	C:\openjfx-16_windows-x64_bin-sdk\javafx-sdk-16\bin\vcruntime140_1.dll
0x00007ffec8120000 - 0x00007ffec81b1000 	C:\openjfx-16_windows-x64_bin-sdk\javafx-sdk-16\bin\msvcp140.dll
0x00007ffece1c0000 - 0x00007ffece1e7000 	C:\openjfx-16_windows-x64_bin-sdk\javafx-sdk-16\bin\prism_d3d.dll
0x00007ffede3a0000 - 0x00007ffede56e000 	C:\WINDOWS\system32\d3d9.dll
0x00007ffee8f60000 - 0x00007ffee8f8f000 	C:\WINDOWS\SYSTEM32\dwmapi.dll
0x00007ffee8c80000 - 0x00007ffee8d1e000 	C:\WINDOWS\system32\uxtheme.dll
0x00007ffee01d0000 - 0x00007ffee02d5000 	C:\WINDOWS\System32\DriverStore\FileRepository\nvmdi.inf_amd64_4f0927d2d65e905f\nvldumdx.dll
0x00007ffeeade0000 - 0x00007ffeeadf2000 	C:\WINDOWS\SYSTEM32\msasn1.dll
0x00007ffee12e0000 - 0x00007ffee1311000 	C:\WINDOWS\SYSTEM32\cryptnet.dll
0x00007ffeeb5c0000 - 0x00007ffeeb71f000 	C:\WINDOWS\System32\CRYPT32.dll
0x00007ffeeaba0000 - 0x00007ffeeabac000 	C:\WINDOWS\SYSTEM32\cryptbase.dll
0x00007ffeeb880000 - 0x00007ffeeb8e0000 	C:\WINDOWS\System32\WINTRUST.DLL
0x00007ffeed100000 - 0x00007ffeed11d000 	C:\WINDOWS\System32\imagehlp.dll
0x00007ffeeabb0000 - 0x00007ffeeabc8000 	C:\WINDOWS\SYSTEM32\CRYPTSP.dll
0x00007ffeea2f0000 - 0x00007ffeea324000 	C:\WINDOWS\system32\rsaenh.dll
0x00007ffeeb850000 - 0x00007ffeeb877000 	C:\WINDOWS\System32\bcrypt.dll
0x00007ffe69780000 - 0x00007ffe6b3c7000 	C:\WINDOWS\System32\DriverStore\FileRepository\nvmdi.inf_amd64_4f0927d2d65e905f\nvd3dumx.dll
0x00007ffec8d50000 - 0x00007ffec8d92000 	C:\openjfx-16_windows-x64_bin-sdk\javafx-sdk-16\bin\glass.dll
0x00007ffeed790000 - 0x00007ffeed86a000 	C:\WINDOWS\System32\COMDLG32.dll
0x00007ffeeca50000 - 0x00007ffeecb7a000 	C:\WINDOWS\System32\ole32.dll
0x00007ffeed9a0000 - 0x00007ffeeda6d000 	C:\WINDOWS\System32\OLEAUT32.dll
0x00007ffeec8a0000 - 0x00007ffeec9b5000 	C:\WINDOWS\System32\MSCTF.dll
0x00007ffeb91f0000 - 0x00007ffeb94ae000 	C:\WINDOWS\system32\nvspcap64.dll
0x00007ffee9f20000 - 0x00007ffee9f53000 	C:\WINDOWS\SYSTEM32\ntmarta.dll
0x00007ffee9af0000 - 0x00007ffee9b13000 	C:\WINDOWS\SYSTEM32\gpapi.dll
0x00007ffee0960000 - 0x00007ffee099b000 	C:\WINDOWS\SYSTEM32\dxcore.dll
0x00007ffeeb1f0000 - 0x00007ffeeb23e000 	C:\WINDOWS\System32\cfgmgr32.dll
0x00007ffeb3da0000 - 0x00007ffeb3db7000 	C:\WINDOWS\system32\napinsp.dll
0x00007ffeb33c0000 - 0x00007ffeb33db000 	C:\WINDOWS\system32\pnrpnsp.dll
0x00007ffee5f30000 - 0x00007ffee5f45000 	C:\WINDOWS\system32\wshbth.dll
0x00007ffee6c50000 - 0x00007ffee6c6d000 	C:\WINDOWS\system32\NLAapi.dll
0x00007ffeea660000 - 0x00007ffeea69b000 	C:\WINDOWS\SYSTEM32\IPHLPAPI.DLL
0x00007ffeea6b0000 - 0x00007ffeea77c000 	C:\WINDOWS\SYSTEM32\DNSAPI.dll
0x00007ffeecc20000 - 0x00007ffeecc28000 	C:\WINDOWS\System32\NSI.dll
0x00007ffeb3380000 - 0x00007ffeb3392000 	C:\WINDOWS\System32\winrnr.dll
0x00007ffee4970000 - 0x00007ffee497a000 	C:\Windows\System32\rasadhlp.dll
0x00007ffec6b20000 - 0x00007ffec6b9f000 	C:\WINDOWS\System32\fwpuclnt.dll
0x00007ffec8d30000 - 0x00007ffec8d44000 	C:\openjfx-16_windows-x64_bin-sdk\javafx-sdk-16\bin\javafx_font.dll
0x00007ffedc050000 - 0x00007ffedc2cf000 	C:\WINDOWS\SYSTEM32\dwrite.dll

dbghelp: loaded successfully - version: 4.0.5 - missing functions: none
symbol engine: initialized successfully - sym options: 0x614 - pdb path: .;C:\Program Files\Java\jdk-15.0.2\bin;C:\WINDOWS\SYSTEM32;C:\WINDOWS\WinSxS\amd64_microsoft.windows.common-controls_6595b64144ccf1df_6.0.19041.1110_none_60b5254171f9507e;C:\Program Files\Java\jdk-15.0.2\bin\server;C:\Program Files\JetBrains\IntelliJ IDEA 2020.3.2\bin;C:\openjfx-16_windows-x64_bin-sdk\javafx-sdk-16\bin;C:\WINDOWS\System32\DriverStore\FileRepository\nvmdi.inf_amd64_4f0927d2d65e905f;C:\Program Files\Common Files\Microsoft Shared\Ink

VM Arguments:
jvm_args: -javaagent:C:\Program Files\JetBrains\IntelliJ IDEA 2020.3.2\lib\idea_rt.jar=61972:C:\Program Files\JetBrains\IntelliJ IDEA 2020.3.2\bin -Dfile.encoding=UTF-8 --module-path=E:\1-2\CSE108\Offlines Repo\CSE108-Offlines\Java Term Project\Part 3 (Networking and Threading added)\out\production\Part 3 (Networking and Threading added);C:\openjfx-16_windows-x64_bin-sdk\javafx-sdk-16\lib\javafx-swt.jar;C:\openjfx-16_windows-x64_bin-sdk\javafx-sdk-16\lib\javafx.web.jar;C:\openjfx-16_windows-x64_bin-sdk\javafx-sdk-16\lib\javafx.base.jar;C:\openjfx-16_windows-x64_bin-sdk\javafx-sdk-16\lib\javafx.fxml.jar;C:\openjfx-16_windows-x64_bin-sdk\javafx-sdk-16\lib\javafx.media.jar;C:\openjfx-16_windows-x64_bin-sdk\javafx-sdk-16\lib\javafx.swing.jar;C:\openjfx-16_windows-x64_bin-sdk\javafx-sdk-16\lib\javafx.controls.jar;C:\openjfx-16_windows-x64_bin-sdk\javafx-sdk-16\lib\javafx.graphics.jar;E:\1-2\CSE108\Offlines Repo\CSE108-Offlines\Java Term Project\Part 3 (Networking and Threading added)\src\jfoenix-9.0.10.jar -Djdk.module.main=myjfx 
java_command: myjfx/sample.Main
java_class_path (initial): <not set>
Launcher Type: SUN_STANDARD

[Global flags]
     intx CICompilerCount                          = 12                                        {product} {ergonomic}
     uint ConcGCThreads                            = 3                                         {product} {ergonomic}
     uint G1ConcRefinementThreads                  = 13                                        {product} {ergonomic}
   size_t G1HeapRegionSize                         = 2097152                                   {product} {ergonomic}
    uintx GCDrainStackTargetSize                   = 64                                        {product} {ergonomic}
   size_t InitialHeapSize                          = 268435456                                 {product} {ergonomic}
   size_t MarkStackSize                            = 4194304                                   {product} {ergonomic}
   size_t MaxHeapSize                              = 4280287232                                {product} {ergonomic}
   size_t MaxNewSize                               = 2566914048                                {product} {ergonomic}
   size_t MinHeapDeltaBytes                        = 2097152                                   {product} {ergonomic}
   size_t MinHeapSize                              = 8388608                                   {product} {ergonomic}
    uintx NonNMethodCodeHeapSize                   = 7602480                                {pd product} {ergonomic}
    uintx NonProfiledCodeHeapSize                  = 122027880                              {pd product} {ergonomic}
    uintx ProfiledCodeHeapSize                     = 122027880                              {pd product} {ergonomic}
    uintx ReservedCodeCacheSize                    = 251658240                              {pd product} {ergonomic}
     bool SegmentedCodeCache                       = true                                      {product} {ergonomic}
   size_t SoftMaxHeapSize                          = 4280287232                             {manageable} {ergonomic}
     bool UseCompressedClassPointers               = true                                 {lp64_product} {ergonomic}
     bool UseCompressedOops                        = true                                 {lp64_product} {ergonomic}
     bool UseG1GC                                  = true                                      {product} {ergonomic}
     bool UseLargePagesIndividualAllocation        = false                                  {pd product} {ergonomic}

Logging:
Log output configuration:
 #0: stdout all=warning uptime,level,tags
 #1: stderr all=off uptime,level,tags

Environment Variables:
JAVA_HOME=C:\Program Files\Java\jdk-15.0.2
PATH=C:\Program Files\Common Files\Oracle\Java\javapath;C:\Windows\system32;C:\Windows;C:\Windows\System32\Wbem;C:\Windows\System32\WindowsPowerShell\v1.0\;C:\Windows\System32\OpenSSH\;C:\Program Files (x86)\NVIDIA Corporation\PhysX\Common;C:\Program Files\NVIDIA Corporation\NVIDIA NvDLISR;C:\Program Files (x86)\Print Conductor;C:\Program Files\Git\cmd;C:\Program Files\nodejs\;C:\Program Files (x86)\Calibre2\;C:\WINDOWS\system32;C:\WINDOWS;C:\WINDOWS\System32\Wbem;C:\WINDOWS\System32\WindowsPowerShell\v1.0\;C:\WINDOWS\System32\OpenSSH\;C:\Program Files\Java\jdk-15.0.2\bin;C:\ProgramData\pbox;C:\Programs\msys2-mingw64-9\bin;G:\Downloads\Compressed\ffmpeg-4.4-essentials_build\ffmpeg-4.4-essentials_build\bin;G:\Microsoft Visual Studio\Shared\Python37_64\python;C:\Users\user\AppData\Local\Microsoft\WindowsApps;C:\Users\user\AppData\Local\Programs\Microsoft VS Code\bin;C:\msys64\usr\bin;C:\Users\user\scoop\shims;C:\Program Files (x86)\Print Conductor;C:\Users\user\AppData\Roaming\npm;C:\Users\user\AppData\Local\GitHubDesktop\bin;C:\Program Files\JetBrains\IntelliJ IDEA 2020.3.2\bin;;C:\Program Files\JetBrains\CLion 2020.3.2\bin;;C:\Program Files\JetBrains\PyCharm Community Edition 2021.1\bin;;C:\Programs\msys2-mingw64-9\bin;
USERNAME=user
OS=Windows_NT
PROCESSOR_IDENTIFIER=Intel64 Family 6 Model 165 Stepping 5, GenuineIntel



---------------  S Y S T E M  ---------------

OS:
 Windows 10 , 64 bit Build 19041 (10.0.19041.1023)
OS uptime: 3 days 1:03 hours

CPU: total 16 (initial active 16) (8 cores per cpu, 2 threads per core) family 6 model 165 stepping 5 microcode 0xe0, cmov, cx8, fxsr, mmx, sse, sse2, sse3, ssse3, sse4.1, sse4.2, popcnt, vzeroupper, avx, avx2, aes, clmul, erms, 3dnowpref, lzcnt, ht, tsc, tscinvbit, bmi1, bmi2, adx, fma, clflush, clflushopt

Memory: 4k page, system-wide physical 16322M (8303M free)
TotalPageFile size 18754M (AvailPageFile size 5882M)
current process WorkingSet (physical memory assigned to process): 155M, peak: 155M
current process commit charge ("private bytes"): 440M, peak: 440M

vm_info: Java HotSpot(TM) 64-Bit Server VM (15.0.2+7-27) for windows-amd64 JRE (15.0.2+7-27), built on Dec  7 2020 20:07:01 by "mach5one" with unknown MS VC++:1925

END.
