#
# A fatal error has been detected by the Java Runtime Environment:
#
#  EXCEPTION_ACCESS_VIOLATION (0xc0000005) at pc=0x00007ffe9481af92, pid=15716, tid=18068
#
# JRE version: Java(TM) SE Runtime Environment (15.0.2+7) (build 15.0.2+7-27)
# Java VM: Java HotSpot(TM) 64-Bit Server VM (15.0.2+7-27, mixed mode, sharing, tiered, compressed oops, g1 gc, windows-amd64)
# Problematic frame:
# V  [jvm.dll+0x2aaf92]
#
# No core dump will be written. Minidumps are not enabled by default on client versions of Windows
#
# If you would like to submit a bug report, please visit:
#   https://bugreport.java.com/bugreport/crash.jsp
#

---------------  S U M M A R Y ------------

Command Line: -javaagent:C:\Program Files\JetBrains\IntelliJ IDEA 2020.3.2\lib\idea_rt.jar=57359:C:\Program Files\JetBrains\IntelliJ IDEA 2020.3.2\bin -Dfile.encoding=UTF-8 --module-path=E:\1-2\CSE108\Offlines Repo\CSE108-Offlines\Java Term Project\Part 4 (Database based)\out\production\Large Database based Program;C:\openjfx-16_windows-x64_bin-sdk\javafx-sdk-16\lib\javafx-swt.jar;C:\openjfx-16_windows-x64_bin-sdk\javafx-sdk-16\lib\javafx.web.jar;C:\openjfx-16_windows-x64_bin-sdk\javafx-sdk-16\lib\javafx.base.jar;C:\openjfx-16_windows-x64_bin-sdk\javafx-sdk-16\lib\javafx.fxml.jar;C:\openjfx-16_windows-x64_bin-sdk\javafx-sdk-16\lib\javafx.media.jar;C:\openjfx-16_windows-x64_bin-sdk\javafx-sdk-16\lib\javafx.swing.jar;C:\openjfx-16_windows-x64_bin-sdk\javafx-sdk-16\lib\javafx.controls.jar;C:\openjfx-16_windows-x64_bin-sdk\javafx-sdk-16\lib\javafx.graphics.jar;E:\1-2\CSE108\Offlines Repo\CSE108-Offlines\Java Term Project\Part 4 (Database based)\src\jfoenix-9.0.10.jar -Djdk.module.main=myjfx myjfx/sample.Main

Host: Intel(R) Core(TM) i7-10700 CPU @ 2.90GHz, 16 cores, 15G,  Windows 10 , 64 bit Build 19041 (10.0.19041.1023)
Time: Fri Jul 23 10:40:28 2021 Bangladesh Standard Time elapsed time: 0.578348 seconds (0d 0h 0m 0s)

---------------  T H R E A D  ---------------

Current thread (0x00000215ba0a7350):  GCTaskThread "GC Thread#1" [stack: 0x000000c2f1900000,0x000000c2f1a00000] [id=18068]

Stack: [0x000000c2f1900000,0x000000c2f1a00000],  sp=0x000000c2f19ff820,  free space=1022k
Native frames: (J=compiled Java code, j=interpreted, Vv=VM code, C=native code)
V  [jvm.dll+0x2aaf92]
V  [jvm.dll+0x2ab41a]
V  [jvm.dll+0x2a6291]
V  [jvm.dll+0x2a6889]
V  [jvm.dll+0x2a6987]
V  [jvm.dll+0x2acaed]
V  [jvm.dll+0x7adfc0]
V  [jvm.dll+0x73d75a]
V  [jvm.dll+0x629c56]
C  [ucrtbase.dll+0x21bb2]
C  [KERNEL32.DLL+0x17034]
C  [ntdll.dll+0x52651]


siginfo: EXCEPTION_ACCESS_VIOLATION (0xc0000005), data execution prevention violation at address 0x00007ffe7133ac12


Register to memory mapping:

RIP=0x00007ffe9481af92 jvm.dll
RAX=0x0 is NULL
RBX=0x0000012b00000743 is an unknown value
RCX=0x0000021592e0f7e0 points into unknown readable memory: 0x0000000000000000 | 00 00 00 00 00 00 00 00
RDX=0x0 is NULL
RSP=0x000000c2f19ff820 points into unknown readable memory: 0x000000000000000c | 0c 00 00 00 00 00 00 00
RBP=0x0 is NULL
RSI=0x0000021592e0e160 points into unknown readable memory: 0x0000000000000000 | 00 00 00 00 00 00 00 00
RDI=0x0000000000000008 is an unknown value
R8 =0x0 is NULL
R9 =0x0000000000000001 is an unknown value
R10=0x0000000000000040 is an unknown value
R11=0x0000000000000008 is an unknown value
R12=0x000000c2f19ff8f0 points into unknown readable memory: 0x000000070dff4049 | 49 40 ff 0d 07 00 00 00
R13=0x0 is NULL
R14=0x0000021592dfdca0 points into unknown readable memory: 0x00007ffe94df4178 | 78 41 df 94 fe 7f 00 00
R15=0x0000000000000008 is an unknown value


Registers:
RAX=0x0000000000000000, RBX=0x0000012b00000743, RCX=0x0000021592e0f7e0, RDX=0x0000000000000000
RSP=0x000000c2f19ff820, RBP=0x0000000000000000, RSI=0x0000021592e0e160, RDI=0x0000000000000008
R8 =0x0000000000000000, R9 =0x0000000000000001, R10=0x0000000000000040, R11=0x0000000000000008
R12=0x000000c2f19ff8f0, R13=0x0000000000000000, R14=0x0000021592dfdca0, R15=0x0000000000000008
RIP=0x00007ffe9481af92, EFLAGS=0x0000000000010246

Top of Stack: (sp=0x000000c2f19ff820)
0x000000c2f19ff820:   000000000000000c 00000215bac97970
0x000000c2f19ff830:   000000c2f19ff9b0 0000000000000002
0x000000c2f19ff840:   0000000000000000 0000012b00000743
0x000000c2f19ff850:   000000000000000c 00000215bac97970
0x000000c2f19ff860:   000000c2f19ff9b0 0000000000000002
0x000000c2f19ff870:   0000000000000000 000000070dfdf9c8
0x000000c2f19ff880:   0000021592dfdca0 00007ffe9481b41a
0x000000c2f19ff890:   0000012b00000744 00000215bac97970
0x000000c2f19ff8a0:   000000070dff3e10 0000012b0000073d
0x000000c2f19ff8b0:   00000215baa495f0 00000215bac97970
0x000000c2f19ff8c0:   0000000000000000 000000c2f19ff940
0x000000c2f19ff8d0:   0000000000000000 00007ffe94816291
0x000000c2f19ff8e0:   0000058697430001 00007ffe94df8800
0x000000c2f19ff8f0:   000000070dff4049 00007ffe948369f7
0x000000c2f19ff900:   000000c2f0afef30 00007ffe94b94c7f
0x000000c2f19ff910:   0000000000000000 0000000000000000 

Instructions: (pc=0x00007ffe9481af92)
0x00007ffe9481ae92:   ff ff 01 00 41 0f 44 c5 85 c0 75 10 bf ff ff ff
0x00007ffe9481aea2:   ff 89 be 00 02 00 00 e9 81 01 00 00 48 8b 82 80
0x00007ffe9481aeb2:   01 00 00 8b cb 48 8b 0c c8 8d 43 01 25 ff ff 01
0x00007ffe9481aec2:   00 49 89 0c 24 89 44 24 70 41 8b cd 0f 94 c1 48
0x00007ffe9481aed2:   8b c3 48 c1 e8 20 03 c8 89 4c 24 74 48 8b 4c 24
0x00007ffe9481aee2:   70 e9 8d 00 00 00 45 85 c0 0f 84 a1 00 00 00 49
0x00007ffe9481aef2:   8b 46 10 41 8b f9 49 8b 14 03 48 8b 82 00 01 00
0x00007ffe9481af02:   00 48 89 44 24 28 8b 82 80 00 00 00 48 8b 5c 24
0x00007ffe9481af12:   28 2b c3 25 ff ff 01 00 3d ff ff 01 00 41 0f 44
0x00007ffe9481af22:   c5 85 c0 75 10 bf ff ff ff ff 89 be 00 02 00 00
0x00007ffe9481af32:   e9 f8 00 00 00 48 8b 82 80 01 00 00 8b cb 48 8b
0x00007ffe9481af42:   0c c8 8d 43 01 25 ff ff 01 00 49 89 0c 24 89 84
0x00007ffe9481af52:   24 88 00 00 00 41 8b cd 0f 94 c1 48 8b c3 48 c1
0x00007ffe9481af62:   e8 20 03 c8 89 8c 24 8c 00 00 00 48 8b 8c 24 88
0x00007ffe9481af72:   00 00 00 48 8b 05 1c a4 76 00 4c 8b c3 48 81 c2
0x00007ffe9481af82:   00 01 00 00 ff d0 48 3b c3 0f 94 c0 84 c0 75 05
0x00007ffe9481af92:   bf ff ff ff ff 89 be 00 02 00 00 e9 8d 00 00 00
0x00007ffe9481afa2:   0f 85 8b 00 00 00 49 8b 46 10 8d 4d ff 83 e1 01
0x00007ffe9481afb2:   48 8b 14 c8 48 8b 82 00 01 00 00 48 89 44 24 28
0x00007ffe9481afc2:   8b 82 80 00 00 00 48 8b 5c 24 28 2b c3 25 ff ff
0x00007ffe9481afd2:   01 00 3d ff ff 01 00 41 0f 44 c5 85 c0 74 4e 48
0x00007ffe9481afe2:   8b 82 80 01 00 00 4c 8b c3 8b cb 48 8b 0c c8 8d
0x00007ffe9481aff2:   43 01 25 ff ff 01 00 49 89 0c 24 89 44 24 20 41
0x00007ffe9481b002:   8b cd 0f 94 c1 48 8b c3 48 c1 e8 20 48 81 c2 00
0x00007ffe9481b012:   01 00 00 03 c8 48 8b 05 7a a3 76 00 89 4c 24 24
0x00007ffe9481b022:   48 8b 4c 24 20 ff d0 48 3b c3 0f 94 c0 84 c0 75
0x00007ffe9481b032:   2a 41 8b 4e 08 41 ff c7 8d 04 09 44 3b f8 0f 82
0x00007ffe9481b042:   fa fc ff ff 32 c0 48 8b 5c 24 78 48 83 c4 30 41
0x00007ffe9481b052:   5f 41 5e 41 5d 41 5c 5f 5e 5d c3 b0 01 eb e7 cc
0x00007ffe9481b062:   cc cc cc cc cc cc cc cc cc cc cc cc cc cc 40 53
0x00007ffe9481b072:   55 48 83 ec 38 48 8b ea 48 c7 44 24 60 00 00 00
0x00007ffe9481b082:   00 8b 91 c8 01 00 00 4c 8d 44 24 60 48 8b d9 48 


Stack slot to memory mapping:
stack at sp + 0 slots: 0x000000000000000c is an unknown value
stack at sp + 1 slots: 0x00000215bac97970 points into unknown readable memory: 0x00007ffe94dfa6f8 | f8 a6 df 94 fe 7f 00 00
stack at sp + 2 slots: 0x000000c2f19ff9b0 points into unknown readable memory: 0x00007ffe94df4140 | 40 41 df 94 fe 7f 00 00
stack at sp + 3 slots: 0x0000000000000002 is an unknown value
stack at sp + 4 slots: 0x0 is NULL
stack at sp + 5 slots: 0x0000012b00000743 is an unknown value
stack at sp + 6 slots: 0x000000000000000c is an unknown value
stack at sp + 7 slots: 0x00000215bac97970 points into unknown readable memory: 0x00007ffe94dfa6f8 | f8 a6 df 94 fe 7f 00 00


---------------  P R O C E S S  ---------------

Threads class SMR info:
_java_thread_list=0x00000215ba8ce250, length=23, elements={
0x0000021592df1ca0, 0x00000215b981a690, 0x00000215b981b260, 0x00000215b9834260,
0x00000215b9836d20, 0x00000215b98397f0, 0x00000215b983ae20, 0x00000215b983b9c0,
0x00000215b983cc50, 0x00000215b992b7b0, 0x00000215b99fda50, 0x00000215b9ac0470,
0x00000215b9abc090, 0x00000215b9d99bb0, 0x00000215b9bfe970, 0x00000215baaa3070,
0x00000215b992c150, 0x00000215b992bc80, 0x00000215b992d960, 0x00000215b992b2e0,
0x00000215b992c620, 0x00000215b992caf0, 0x00000215b992cfc0
}

Java Threads: ( => current thread )
  0x0000021592df1ca0 JavaThread "main" [_thread_blocked, id=9708, stack(0x000000c2f0400000,0x000000c2f0500000)]
  0x00000215b981a690 JavaThread "Reference Handler" daemon [_thread_blocked, id=19432, stack(0x000000c2f0b00000,0x000000c2f0c00000)]
  0x00000215b981b260 JavaThread "Finalizer" daemon [_thread_blocked, id=9132, stack(0x000000c2f0c00000,0x000000c2f0d00000)]
  0x00000215b9834260 JavaThread "Signal Dispatcher" daemon [_thread_blocked, id=2416, stack(0x000000c2f0d00000,0x000000c2f0e00000)]
  0x00000215b9836d20 JavaThread "Attach Listener" daemon [_thread_blocked, id=19820, stack(0x000000c2f0e00000,0x000000c2f0f00000)]
  0x00000215b98397f0 JavaThread "Service Thread" daemon [_thread_blocked, id=13668, stack(0x000000c2f0f00000,0x000000c2f1000000)]
  0x00000215b983ae20 JavaThread "C2 CompilerThread0" daemon [_thread_blocked, id=17588, stack(0x000000c2f1000000,0x000000c2f1100000)]
  0x00000215b983b9c0 JavaThread "C1 CompilerThread0" daemon [_thread_blocked, id=15280, stack(0x000000c2f1100000,0x000000c2f1200000)]
  0x00000215b983cc50 JavaThread "Sweeper thread" daemon [_thread_blocked, id=15252, stack(0x000000c2f1200000,0x000000c2f1300000)]
  0x00000215b992b7b0 JavaThread "Common-Cleaner" daemon [_thread_blocked, id=17332, stack(0x000000c2f1300000,0x000000c2f1400000)]
  0x00000215b99fda50 JavaThread "C1 CompilerThread1" daemon [_thread_blocked, id=22112, stack(0x000000c2f1400000,0x000000c2f1500000)]
  0x00000215b9ac0470 JavaThread "C2 CompilerThread1" daemon [_thread_blocked, id=19500, stack(0x000000c2f1500000,0x000000c2f1600000)]
  0x00000215b9abc090 JavaThread "C2 CompilerThread2" daemon [_thread_blocked, id=14300, stack(0x000000c2f1600000,0x000000c2f1700000)]
  0x00000215b9d99bb0 JavaThread "C1 CompilerThread2" daemon [_thread_blocked, id=17744, stack(0x000000c2f1700000,0x000000c2f1800000)]
  0x00000215b9bfe970 JavaThread "C1 CompilerThread3" daemon [_thread_blocked, id=17888, stack(0x000000c2f1800000,0x000000c2f1900000)]
  0x00000215baaa3070 JavaThread "C2 CompilerThread3" daemon [_thread_blocked, id=18160, stack(0x000000c2f1e00000,0x000000c2f1f00000)]
  0x00000215b992c150 JavaThread "Monitor Ctrl-Break" daemon [_thread_in_native, id=10160, stack(0x000000c2f2000000,0x000000c2f2100000)]
  0x00000215b992bc80 JavaThread "Notification Thread" daemon [_thread_blocked, id=872, stack(0x000000c2f2100000,0x000000c2f2200000)]
  0x00000215b992d960 JavaThread "QuantumRenderer-0" daemon [_thread_blocked, id=19868, stack(0x000000c2f2300000,0x000000c2f2400000)]
  0x00000215b992b2e0 JavaThread "InvokeLaterDispatcher" daemon [_thread_blocked, id=15848, stack(0x000000c2f2500000,0x000000c2f2600000)]
  0x00000215b992c620 JavaThread "JavaFX Application Thread" [_thread_blocked, id=7856, stack(0x000000c2f2600000,0x000000c2f2700000)]
  0x00000215b992caf0 JavaThread "JavaFX-Launcher" [_thread_blocked, id=15240, stack(0x000000c2f2820000,0x000000c2f2920000)]
  0x00000215b992cfc0 JavaThread "Thread-2" daemon [_thread_blocked, id=10284, stack(0x000000c2f1f00000,0x000000c2f2000000)]

Other Threads:
  0x00000215b9816660 VMThread "VM Thread" [stack: 0x000000c2f0a00000,0x000000c2f0b00000] [id=7996]
  0x00000215ba39e820 WatcherThread [stack: 0x000000c2f2200000,0x000000c2f2300000] [id=22344]
  0x0000021592e446a0 GCTaskThread "GC Thread#0" [stack: 0x000000c2f0500000,0x000000c2f0600000] [id=9680]
=>0x00000215ba0a7350 GCTaskThread "GC Thread#1" [stack: 0x000000c2f1900000,0x000000c2f1a00000] [id=18068]
  0x00000215ba0a7680 GCTaskThread "GC Thread#2" [stack: 0x000000c2f1a00000,0x000000c2f1b00000] [id=536]
  0x00000215ba0a79b0 GCTaskThread "GC Thread#3" [stack: 0x000000c2f1b00000,0x000000c2f1c00000] [id=14520]
  0x00000215ba0a80f0 GCTaskThread "GC Thread#4" [stack: 0x000000c2f1c00000,0x000000c2f1d00000] [id=16780]
  0x00000215b9b1eb80 GCTaskThread "GC Thread#5" [stack: 0x000000c2f1d00000,0x000000c2f1e00000] [id=18724]
  0x0000021592e56710 ConcurrentGCThread "G1 Main Marker" [stack: 0x000000c2f0600000,0x000000c2f0700000] [id=8624]
  0x0000021592e57aa0 ConcurrentGCThread "G1 Conc#0" [stack: 0x000000c2f0700000,0x000000c2f0800000] [id=10128]
  0x0000021592ece890 ConcurrentGCThread "G1 Refine#0" [stack: 0x000000c2f0800000,0x000000c2f0900000] [id=4200]
  0x00000215b8e8aa60 ConcurrentGCThread "G1 Young RemSet Sampling" [stack: 0x000000c2f0900000,0x000000c2f0a00000] [id=13048]

Threads with active compile tasks:
C2 CompilerThread0      630 1350       4       com.sun.javafx.css.ParsedValueImpl::<init> (38 bytes)
C2 CompilerThread1      630 1351   !   4       com.sun.javafx.css.ParsedValueImpl::readBinary (688 bytes)
C2 CompilerThread2      630 1353       4       java.io.DataInputStream::readFully (63 bytes)
C1 CompilerThread3      630 1359       3       java.util.HashMap::comparableClassFor (115 bytes)
C2 CompilerThread3      630 1352       4       java.lang.StringLatin1::newString (24 bytes)

VM state: at safepoint (normal execution)

VM Mutex/Monitor currently owned by a thread:  ([mutex/lock_event])
[0x0000021592ded530] Threads_lock - owner thread: 0x00000215b9816660
[0x0000021592dee100] Heap_lock - owner thread: 0x00000215b992c620

Heap address: 0x0000000700e00000, size: 4082 MB, Compressed Oops mode: Zero based, Oop shift amount: 3
CDS archive(s) mapped at: [0x0000000800000000-0x0000000800b50000-0x0000000800b50000), size 11862016, SharedBaseAddress: 0x0000000800000000, ArchiveRelocationMode: 0.
Compressed class space mapped at: 0x0000000800b50000-0x0000000840b50000, size: 1073741824
Narrow klass base: 0x0000000800000000, Narrow klass shift: 3, Narrow klass range: 0x100000000

GC Precious Log:
 CPUs: 16 total, 16 available
 Memory: 16322M
 Large Page Support: Disabled
 NUMA Support: Disabled
 Compressed Oops: Enabled (Zero based)
 Heap Region Size: 2M
 Heap Min Capacity: 8M
 Heap Initial Capacity: 256M
 Heap Max Capacity: 4082M
 Pre-touch: Disabled
 Parallel Workers: 13
 Concurrent Workers: 3
 Concurrent Refinement Workers: 13
 Periodic GC: Disabled

Heap:
 garbage-first heap   total 262144K, used 43621K [0x0000000700e00000, 0x0000000800000000)
  region size 2048K, 24 young (49152K), 3 survivors (6144K)
 Metaspace       used 8420K, capacity 9599K, committed 9856K, reserved 1058816K
  class space    used 1029K, capacity 1128K, committed 1152K, reserved 1048576K

Heap Regions: E=young(eden), S=young(survivor), O=old, HS=humongous(starts), HC=humongous(continues), CS=collection set, F=free, OA=open archive, CA=closed archive, TAMS=top-at-mark-start (previous, next)
|   0|0x0000000700e00000, 0x0000000700e00000, 0x0000000701000000|  0%| F|  |TAMS 0x0000000700e00000, 0x0000000700e00000| Untracked 
|   1|0x0000000701000000, 0x0000000701000000, 0x0000000701200000|  0%| F|  |TAMS 0x0000000701000000, 0x0000000701000000| Untracked 
|   2|0x0000000701200000, 0x0000000701200000, 0x0000000701400000|  0%| F|  |TAMS 0x0000000701200000, 0x0000000701200000| Untracked 
|   3|0x0000000701400000, 0x0000000701400000, 0x0000000701600000|  0%| F|  |TAMS 0x0000000701400000, 0x0000000701400000| Untracked 
|   4|0x0000000701600000, 0x0000000701600000, 0x0000000701800000|  0%| F|  |TAMS 0x0000000701600000, 0x0000000701600000| Untracked 
|   5|0x0000000701800000, 0x0000000701800000, 0x0000000701a00000|  0%| F|  |TAMS 0x0000000701800000, 0x0000000701800000| Untracked 
|   6|0x0000000701a00000, 0x0000000701a00000, 0x0000000701c00000|  0%| F|  |TAMS 0x0000000701a00000, 0x0000000701a00000| Untracked 
|   7|0x0000000701c00000, 0x0000000701c00000, 0x0000000701e00000|  0%| F|  |TAMS 0x0000000701c00000, 0x0000000701c00000| Untracked 
|   8|0x0000000701e00000, 0x0000000701e00000, 0x0000000702000000|  0%| F|  |TAMS 0x0000000701e00000, 0x0000000701e00000| Untracked 
|   9|0x0000000702000000, 0x0000000702000000, 0x0000000702200000|  0%| F|  |TAMS 0x0000000702000000, 0x0000000702000000| Untracked 
|  10|0x0000000702200000, 0x0000000702200000, 0x0000000702400000|  0%| F|  |TAMS 0x0000000702200000, 0x0000000702200000| Untracked 
|  11|0x0000000702400000, 0x0000000702400000, 0x0000000702600000|  0%| F|  |TAMS 0x0000000702400000, 0x0000000702400000| Untracked 
|  12|0x0000000702600000, 0x0000000702600000, 0x0000000702800000|  0%| F|  |TAMS 0x0000000702600000, 0x0000000702600000| Untracked 
|  13|0x0000000702800000, 0x0000000702800000, 0x0000000702a00000|  0%| F|  |TAMS 0x0000000702800000, 0x0000000702800000| Untracked 
|  14|0x0000000702a00000, 0x0000000702a00000, 0x0000000702c00000|  0%| F|  |TAMS 0x0000000702a00000, 0x0000000702a00000| Untracked 
|  15|0x0000000702c00000, 0x0000000702c00000, 0x0000000702e00000|  0%| F|  |TAMS 0x0000000702c00000, 0x0000000702c00000| Untracked 
|  16|0x0000000702e00000, 0x0000000702e00000, 0x0000000703000000|  0%| F|  |TAMS 0x0000000702e00000, 0x0000000702e00000| Untracked 
|  17|0x0000000703000000, 0x0000000703000000, 0x0000000703200000|  0%| F|  |TAMS 0x0000000703000000, 0x0000000703000000| Untracked 
|  18|0x0000000703200000, 0x0000000703200000, 0x0000000703400000|  0%| F|  |TAMS 0x0000000703200000, 0x0000000703200000| Untracked 
|  19|0x0000000703400000, 0x0000000703400000, 0x0000000703600000|  0%| F|  |TAMS 0x0000000703400000, 0x0000000703400000| Untracked 
|  20|0x0000000703600000, 0x0000000703600000, 0x0000000703800000|  0%| F|  |TAMS 0x0000000703600000, 0x0000000703600000| Untracked 
|  21|0x0000000703800000, 0x0000000703800000, 0x0000000703a00000|  0%| F|  |TAMS 0x0000000703800000, 0x0000000703800000| Untracked 
|  22|0x0000000703a00000, 0x0000000703a00000, 0x0000000703c00000|  0%| F|  |TAMS 0x0000000703a00000, 0x0000000703a00000| Untracked 
|  23|0x0000000703c00000, 0x0000000703c00000, 0x0000000703e00000|  0%| F|  |TAMS 0x0000000703c00000, 0x0000000703c00000| Untracked 
|  24|0x0000000703e00000, 0x0000000703e00000, 0x0000000704000000|  0%| F|  |TAMS 0x0000000703e00000, 0x0000000703e00000| Untracked 
|  25|0x0000000704000000, 0x0000000704000000, 0x0000000704200000|  0%| F|  |TAMS 0x0000000704000000, 0x0000000704000000| Untracked 
|  26|0x0000000704200000, 0x0000000704200000, 0x0000000704400000|  0%| F|  |TAMS 0x0000000704200000, 0x0000000704200000| Untracked 
|  27|0x0000000704400000, 0x0000000704400000, 0x0000000704600000|  0%| F|  |TAMS 0x0000000704400000, 0x0000000704400000| Untracked 
|  28|0x0000000704600000, 0x0000000704600000, 0x0000000704800000|  0%| F|  |TAMS 0x0000000704600000, 0x0000000704600000| Untracked 
|  29|0x0000000704800000, 0x0000000704800000, 0x0000000704a00000|  0%| F|  |TAMS 0x0000000704800000, 0x0000000704800000| Untracked 
|  30|0x0000000704a00000, 0x0000000704a00000, 0x0000000704c00000|  0%| F|  |TAMS 0x0000000704a00000, 0x0000000704a00000| Untracked 
|  31|0x0000000704c00000, 0x0000000704c00000, 0x0000000704e00000|  0%| F|  |TAMS 0x0000000704c00000, 0x0000000704c00000| Untracked 
|  32|0x0000000704e00000, 0x0000000704e00000, 0x0000000705000000|  0%| F|  |TAMS 0x0000000704e00000, 0x0000000704e00000| Untracked 
|  33|0x0000000705000000, 0x0000000705000000, 0x0000000705200000|  0%| F|  |TAMS 0x0000000705000000, 0x0000000705000000| Untracked 
|  34|0x0000000705200000, 0x0000000705200000, 0x0000000705400000|  0%| F|  |TAMS 0x0000000705200000, 0x0000000705200000| Untracked 
|  35|0x0000000705400000, 0x0000000705400000, 0x0000000705600000|  0%| F|  |TAMS 0x0000000705400000, 0x0000000705400000| Untracked 
|  36|0x0000000705600000, 0x0000000705600000, 0x0000000705800000|  0%| F|  |TAMS 0x0000000705600000, 0x0000000705600000| Untracked 
|  37|0x0000000705800000, 0x0000000705800000, 0x0000000705a00000|  0%| F|  |TAMS 0x0000000705800000, 0x0000000705800000| Untracked 
|  38|0x0000000705a00000, 0x0000000705a00000, 0x0000000705c00000|  0%| F|  |TAMS 0x0000000705a00000, 0x0000000705a00000| Untracked 
|  39|0x0000000705c00000, 0x0000000705c00000, 0x0000000705e00000|  0%| F|  |TAMS 0x0000000705c00000, 0x0000000705c00000| Untracked 
|  40|0x0000000705e00000, 0x0000000705e00000, 0x0000000706000000|  0%| F|  |TAMS 0x0000000705e00000, 0x0000000705e00000| Untracked 
|  41|0x0000000706000000, 0x0000000706000000, 0x0000000706200000|  0%| F|  |TAMS 0x0000000706000000, 0x0000000706000000| Untracked 
|  42|0x0000000706200000, 0x0000000706200000, 0x0000000706400000|  0%| F|  |TAMS 0x0000000706200000, 0x0000000706200000| Untracked 
|  43|0x0000000706400000, 0x0000000706400000, 0x0000000706600000|  0%| F|  |TAMS 0x0000000706400000, 0x0000000706400000| Untracked 
|  44|0x0000000706600000, 0x0000000706600000, 0x0000000706800000|  0%| F|  |TAMS 0x0000000706600000, 0x0000000706600000| Untracked 
|  45|0x0000000706800000, 0x0000000706800000, 0x0000000706a00000|  0%| F|  |TAMS 0x0000000706800000, 0x0000000706800000| Untracked 
|  46|0x0000000706a00000, 0x0000000706a00000, 0x0000000706c00000|  0%| F|  |TAMS 0x0000000706a00000, 0x0000000706a00000| Untracked 
|  47|0x0000000706c00000, 0x0000000706c00000, 0x0000000706e00000|  0%| F|  |TAMS 0x0000000706c00000, 0x0000000706c00000| Untracked 
|  48|0x0000000706e00000, 0x0000000706e00000, 0x0000000707000000|  0%| F|  |TAMS 0x0000000706e00000, 0x0000000706e00000| Untracked 
|  49|0x0000000707000000, 0x0000000707000000, 0x0000000707200000|  0%| F|  |TAMS 0x0000000707000000, 0x0000000707000000| Untracked 
|  50|0x0000000707200000, 0x0000000707200000, 0x0000000707400000|  0%| F|  |TAMS 0x0000000707200000, 0x0000000707200000| Untracked 
|  51|0x0000000707400000, 0x0000000707400000, 0x0000000707600000|  0%| F|  |TAMS 0x0000000707400000, 0x0000000707400000| Untracked 
|  52|0x0000000707600000, 0x0000000707600000, 0x0000000707800000|  0%| F|  |TAMS 0x0000000707600000, 0x0000000707600000| Untracked 
|  53|0x0000000707800000, 0x0000000707800000, 0x0000000707a00000|  0%| F|  |TAMS 0x0000000707800000, 0x0000000707800000| Untracked 
|  54|0x0000000707a00000, 0x0000000707a00000, 0x0000000707c00000|  0%| F|  |TAMS 0x0000000707a00000, 0x0000000707a00000| Untracked 
|  55|0x0000000707c00000, 0x0000000707c00000, 0x0000000707e00000|  0%| F|  |TAMS 0x0000000707c00000, 0x0000000707c00000| Untracked 
|  56|0x0000000707e00000, 0x0000000707e00000, 0x0000000708000000|  0%| F|  |TAMS 0x0000000707e00000, 0x0000000707e00000| Untracked 
|  57|0x0000000708000000, 0x0000000708000000, 0x0000000708200000|  0%| F|  |TAMS 0x0000000708000000, 0x0000000708000000| Untracked 
|  58|0x0000000708200000, 0x0000000708200000, 0x0000000708400000|  0%| F|  |TAMS 0x0000000708200000, 0x0000000708200000| Untracked 
|  59|0x0000000708400000, 0x0000000708400000, 0x0000000708600000|  0%| F|  |TAMS 0x0000000708400000, 0x0000000708400000| Untracked 
|  60|0x0000000708600000, 0x0000000708600000, 0x0000000708800000|  0%| F|  |TAMS 0x0000000708600000, 0x0000000708600000| Untracked 
|  61|0x0000000708800000, 0x0000000708800000, 0x0000000708a00000|  0%| F|  |TAMS 0x0000000708800000, 0x0000000708800000| Untracked 
|  62|0x0000000708a00000, 0x0000000708a00000, 0x0000000708c00000|  0%| F|  |TAMS 0x0000000708a00000, 0x0000000708a00000| Untracked 
|  63|0x0000000708c00000, 0x0000000708c00000, 0x0000000708e00000|  0%| F|  |TAMS 0x0000000708c00000, 0x0000000708c00000| Untracked 
|  64|0x0000000708e00000, 0x0000000708e00000, 0x0000000709000000|  0%| F|  |TAMS 0x0000000708e00000, 0x0000000708e00000| Untracked 
|  65|0x0000000709000000, 0x0000000709000000, 0x0000000709200000|  0%| F|  |TAMS 0x0000000709000000, 0x0000000709000000| Untracked 
|  66|0x0000000709200000, 0x0000000709200000, 0x0000000709400000|  0%| F|  |TAMS 0x0000000709200000, 0x0000000709200000| Untracked 
|  67|0x0000000709400000, 0x0000000709400000, 0x0000000709600000|  0%| F|  |TAMS 0x0000000709400000, 0x0000000709400000| Untracked 
|  68|0x0000000709600000, 0x0000000709600000, 0x0000000709800000|  0%| F|  |TAMS 0x0000000709600000, 0x0000000709600000| Untracked 
|  69|0x0000000709800000, 0x0000000709800000, 0x0000000709a00000|  0%| F|  |TAMS 0x0000000709800000, 0x0000000709800000| Untracked 
|  70|0x0000000709a00000, 0x0000000709a00000, 0x0000000709c00000|  0%| F|  |TAMS 0x0000000709a00000, 0x0000000709a00000| Untracked 
|  71|0x0000000709c00000, 0x0000000709c00000, 0x0000000709e00000|  0%| F|  |TAMS 0x0000000709c00000, 0x0000000709c00000| Untracked 
|  72|0x0000000709e00000, 0x0000000709e00000, 0x000000070a000000|  0%| F|  |TAMS 0x0000000709e00000, 0x0000000709e00000| Untracked 
|  73|0x000000070a000000, 0x000000070a000000, 0x000000070a200000|  0%| F|  |TAMS 0x000000070a000000, 0x000000070a000000| Untracked 
|  74|0x000000070a200000, 0x000000070a200000, 0x000000070a400000|  0%| F|  |TAMS 0x000000070a200000, 0x000000070a200000| Untracked 
|  75|0x000000070a400000, 0x000000070a400000, 0x000000070a600000|  0%| F|  |TAMS 0x000000070a400000, 0x000000070a400000| Untracked 
|  76|0x000000070a600000, 0x000000070a600000, 0x000000070a800000|  0%| F|  |TAMS 0x000000070a600000, 0x000000070a600000| Untracked 
|  77|0x000000070a800000, 0x000000070a800000, 0x000000070aa00000|  0%| F|  |TAMS 0x000000070a800000, 0x000000070a800000| Untracked 
|  78|0x000000070aa00000, 0x000000070aa00000, 0x000000070ac00000|  0%| F|  |TAMS 0x000000070aa00000, 0x000000070aa00000| Untracked 
|  79|0x000000070ac00000, 0x000000070ac00000, 0x000000070ae00000|  0%| F|  |TAMS 0x000000070ac00000, 0x000000070ac00000| Untracked 
|  80|0x000000070ae00000, 0x000000070ae00000, 0x000000070b000000|  0%| F|  |TAMS 0x000000070ae00000, 0x000000070ae00000| Untracked 
|  81|0x000000070b000000, 0x000000070b000000, 0x000000070b200000|  0%| F|  |TAMS 0x000000070b000000, 0x000000070b000000| Untracked 
|  82|0x000000070b200000, 0x000000070b200000, 0x000000070b400000|  0%| F|  |TAMS 0x000000070b200000, 0x000000070b200000| Untracked 
|  83|0x000000070b400000, 0x000000070b400000, 0x000000070b600000|  0%| F|  |TAMS 0x000000070b400000, 0x000000070b400000| Untracked 
|  84|0x000000070b600000, 0x000000070b600000, 0x000000070b800000|  0%| F|  |TAMS 0x000000070b600000, 0x000000070b600000| Untracked 
|  85|0x000000070b800000, 0x000000070b800000, 0x000000070ba00000|  0%| F|  |TAMS 0x000000070b800000, 0x000000070b800000| Untracked 
|  86|0x000000070ba00000, 0x000000070ba00000, 0x000000070bc00000|  0%| F|  |TAMS 0x000000070ba00000, 0x000000070ba00000| Untracked 
|  87|0x000000070bc00000, 0x000000070bc00000, 0x000000070be00000|  0%| F|  |TAMS 0x000000070bc00000, 0x000000070bc00000| Untracked 
|  88|0x000000070be00000, 0x000000070be00000, 0x000000070c000000|  0%| F|  |TAMS 0x000000070be00000, 0x000000070be00000| Untracked 
|  89|0x000000070c000000, 0x000000070c000000, 0x000000070c200000|  0%| F|  |TAMS 0x000000070c000000, 0x000000070c000000| Untracked 
|  90|0x000000070c200000, 0x000000070c200000, 0x000000070c400000|  0%| F|  |TAMS 0x000000070c200000, 0x000000070c200000| Untracked 
|  91|0x000000070c400000, 0x000000070c400000, 0x000000070c600000|  0%| F|  |TAMS 0x000000070c400000, 0x000000070c400000| Untracked 
|  92|0x000000070c600000, 0x000000070c600000, 0x000000070c800000|  0%| F|  |TAMS 0x000000070c600000, 0x000000070c600000| Untracked 
|  93|0x000000070c800000, 0x000000070c800000, 0x000000070ca00000|  0%| F|  |TAMS 0x000000070c800000, 0x000000070c800000| Untracked 
|  94|0x000000070ca00000, 0x000000070ca00000, 0x000000070cc00000|  0%| F|  |TAMS 0x000000070ca00000, 0x000000070ca00000| Untracked 
|  95|0x000000070cc00000, 0x000000070cc00000, 0x000000070ce00000|  0%| F|  |TAMS 0x000000070cc00000, 0x000000070cc00000| Untracked 
|  96|0x000000070ce00000, 0x000000070ce00000, 0x000000070d000000|  0%| F|  |TAMS 0x000000070ce00000, 0x000000070ce00000| Untracked 
|  97|0x000000070d000000, 0x000000070d000000, 0x000000070d200000|  0%| F|  |TAMS 0x000000070d000000, 0x000000070d000000| Untracked 
|  98|0x000000070d200000, 0x000000070d200000, 0x000000070d400000|  0%| F|  |TAMS 0x000000070d200000, 0x000000070d200000| Untracked 
|  99|0x000000070d400000, 0x000000070d400000, 0x000000070d600000|  0%| F|  |TAMS 0x000000070d400000, 0x000000070d400000| Untracked 
| 100|0x000000070d600000, 0x000000070d600000, 0x000000070d800000|  0%| F|  |TAMS 0x000000070d600000, 0x000000070d600000| Untracked 
| 101|0x000000070d800000, 0x000000070d800000, 0x000000070da00000|  0%| F|  |TAMS 0x000000070d800000, 0x000000070d800000| Untracked 
| 102|0x000000070da00000, 0x000000070da00000, 0x000000070dc00000|  0%| F|  |TAMS 0x000000070da00000, 0x000000070da00000| Untracked 
| 103|0x000000070dc00000, 0x000000070dc53200, 0x000000070de00000| 16%| S|  |TAMS 0x000000070dc00000, 0x000000070dc00000| Complete 
| 104|0x000000070de00000, 0x000000070e000000, 0x000000070e000000|100%| S|  |TAMS 0x000000070de00000, 0x000000070de00000| Complete 
| 105|0x000000070e000000, 0x000000070e200000, 0x000000070e200000|100%| S|  |TAMS 0x000000070e000000, 0x000000070e000000| Complete 
| 106|0x000000070e200000, 0x000000070e400000, 0x000000070e400000|100%| E|CS|TAMS 0x000000070e200000, 0x000000070e200000| Complete 
| 107|0x000000070e400000, 0x000000070e600000, 0x000000070e600000|100%| E|CS|TAMS 0x000000070e400000, 0x000000070e400000| Complete 
| 108|0x000000070e600000, 0x000000070e800000, 0x000000070e800000|100%| E|CS|TAMS 0x000000070e600000, 0x000000070e600000| Complete 
| 109|0x000000070e800000, 0x000000070ea00000, 0x000000070ea00000|100%| E|CS|TAMS 0x000000070e800000, 0x000000070e800000| Complete 
| 110|0x000000070ea00000, 0x000000070ec00000, 0x000000070ec00000|100%| E|CS|TAMS 0x000000070ea00000, 0x000000070ea00000| Complete 
| 111|0x000000070ec00000, 0x000000070ee00000, 0x000000070ee00000|100%| E|CS|TAMS 0x000000070ec00000, 0x000000070ec00000| Complete 
| 112|0x000000070ee00000, 0x000000070f000000, 0x000000070f000000|100%| E|CS|TAMS 0x000000070ee00000, 0x000000070ee00000| Complete 
| 113|0x000000070f000000, 0x000000070f200000, 0x000000070f200000|100%| E|CS|TAMS 0x000000070f000000, 0x000000070f000000| Complete 
| 114|0x000000070f200000, 0x000000070f400000, 0x000000070f400000|100%| E|CS|TAMS 0x000000070f200000, 0x000000070f200000| Complete 
| 115|0x000000070f400000, 0x000000070f600000, 0x000000070f600000|100%| E|CS|TAMS 0x000000070f400000, 0x000000070f400000| Complete 
| 116|0x000000070f600000, 0x000000070f6994b0, 0x000000070f800000| 29%| E|CS|TAMS 0x000000070f600000, 0x000000070f600000| Complete 
| 117|0x000000070f800000, 0x000000070fa00000, 0x000000070fa00000|100%| E|CS|TAMS 0x000000070f800000, 0x000000070f800000| Complete 
| 118|0x000000070fa00000, 0x000000070fc00000, 0x000000070fc00000|100%| E|CS|TAMS 0x000000070fa00000, 0x000000070fa00000| Complete 
| 119|0x000000070fc00000, 0x000000070fe00000, 0x000000070fe00000|100%| E|CS|TAMS 0x000000070fc00000, 0x000000070fc00000| Complete 
| 120|0x000000070fe00000, 0x0000000710000000, 0x0000000710000000|100%| E|CS|TAMS 0x000000070fe00000, 0x000000070fe00000| Complete 
| 121|0x0000000710000000, 0x0000000710200000, 0x0000000710200000|100%| E|CS|TAMS 0x0000000710000000, 0x0000000710000000| Complete 
| 122|0x0000000710200000, 0x0000000710400000, 0x0000000710400000|100%| E|CS|TAMS 0x0000000710200000, 0x0000000710200000| Complete 
| 123|0x0000000710400000, 0x0000000710600000, 0x0000000710600000|100%| E|CS|TAMS 0x0000000710400000, 0x0000000710400000| Complete 
| 124|0x0000000710600000, 0x0000000710800000, 0x0000000710800000|100%| E|CS|TAMS 0x0000000710600000, 0x0000000710600000| Complete 
| 125|0x0000000710800000, 0x0000000710a00000, 0x0000000710a00000|100%| E|CS|TAMS 0x0000000710800000, 0x0000000710800000| Complete 
| 126|0x0000000710a00000, 0x0000000710c00000, 0x0000000710c00000|100%| E|CS|TAMS 0x0000000710a00000, 0x0000000710a00000| Complete 
| 127|0x0000000710c00000, 0x0000000710e00000, 0x0000000710e00000|100%| E|CS|TAMS 0x0000000710c00000, 0x0000000710c00000| Complete 

Card table byte_map: [0x00000215acfc0000,0x00000215ad7c0000] _byte_map_base: 0x00000215a97b9000

Marking Bits (Prev, Next): (CMBitMap*) 0x0000021592e45ea0, (CMBitMap*) 0x0000021592e45ee0
 Prev Bits: [0x00000215adfc0000, 0x00000215b1f88000)
 Next Bits: [0x00000215b1f90000, 0x00000215b5f58000)

Polling page: 0x0000021592ed0000

Metaspace:

Usage:
  Non-class:      8.27 MB capacity,     7.22 MB ( 87%) used,     1.04 MB ( 13%) free+waste,    12.69 KB ( <1%) overhead. 
      Class:      1.10 MB capacity,     1.01 MB ( 91%) used,    92.92 KB (  8%) free+waste,     5.50 KB ( <1%) overhead. 
       Both:      9.37 MB capacity,     8.22 MB ( 88%) used,     1.13 MB ( 12%) free+waste,    18.19 KB ( <1%) overhead. 

Virtual space:
  Non-class space:       10.00 MB reserved,       8.50 MB ( 85%) committed 
      Class space:        1.00 GB reserved,       1.12 MB ( <1%) committed 
             Both:        1.01 GB reserved,       9.62 MB ( <1%) committed 

Chunk freelists:
   Non-Class:  41.00 KB
       Class:  24.00 KB
        Both:  65.00 KB

MaxMetaspaceSize: 17179869184.00 GB
CompressedClassSpaceSize: 1.00 GB

CodeHeap 'non-profiled nmethods': size=119168Kb used=530Kb max_used=530Kb free=118637Kb
 bounds [0x00000215a43a0000, 0x00000215a4610000, 0x00000215ab800000]
CodeHeap 'profiled nmethods': size=119104Kb used=2323Kb max_used=2323Kb free=116780Kb
 bounds [0x000002159cf50000, 0x000002159d1c0000, 0x00000215a43a0000]
CodeHeap 'non-nmethods': size=7488Kb used=2943Kb max_used=2990Kb free=4544Kb
 bounds [0x000002159c800000, 0x000002159caf0000, 0x000002159cf50000]
 total_blobs=1889 nmethods=1352 adapters=447
 compilation: enabled
              stopped_count=0, restarted_count=0
 full_count=0

Compilation events (20 events):
Event: 0.521 Thread 0x00000215b99fda50 nmethod 1348 0x000002159d18d890 code [0x000002159d18da40, 0x000002159d18dc78]
Event: 0.521 Thread 0x00000215b99fda50 1346       3       javafx.css.Rule$Observables$1::<init> (11 bytes)
Event: 0.521 Thread 0x00000215b9bfe970 nmethod 1341 0x000002159d18dd90 code [0x000002159d18dfe0, 0x000002159d18ea18]
Event: 0.521 Thread 0x00000215b9bfe970 1349       3       javafx.css.Rule$Observables$2::<init> (11 bytes)
Event: 0.521 Thread 0x00000215b983ae20 nmethod 1282 0x00000215a4423110 code [0x00000215a44232e0, 0x00000215a44241b8]
Event: 0.521 Thread 0x00000215b9d99bb0 nmethod 1344 0x000002159d18ee90 code [0x000002159d18f160, 0x000002159d190448]
Event: 0.521 Thread 0x00000215b99fda50 nmethod 1346 0x000002159d190990 code [0x000002159d190b80, 0x000002159d191218]
Event: 0.521 Thread 0x00000215b9bfe970 nmethod 1349 0x000002159d191410 code [0x000002159d191600, 0x000002159d191c98]
Event: 0.521 Thread 0x00000215b983ae20 1350       4       com.sun.javafx.css.ParsedValueImpl::<init> (38 bytes)
Event: 0.521 Thread 0x00000215b9ac0470 1351   !   4       com.sun.javafx.css.ParsedValueImpl::readBinary (688 bytes)
Event: 0.521 Thread 0x00000215b983b9c0 nmethod 1347 0x000002159d191e90 code [0x000002159d192140, 0x000002159d1933b8]
Event: 0.521 Thread 0x00000215baaa3070 1352       4       java.lang.StringLatin1::newString (24 bytes)
Event: 0.522 Thread 0x00000215b9abc090 1353       4       java.io.DataInputStream::readFully (63 bytes)
Event: 0.522 Thread 0x00000215b9d99bb0 1354       3       java.util.LinkedHashMap$Entry::<init> (10 bytes)
Event: 0.522 Thread 0x00000215b9bfe970 1355       3       javafx.scene.paint.Paint::<init> (5 bytes)
Event: 0.522 Thread 0x00000215b9d99bb0 nmethod 1354 0x000002159d193c10 code [0x000002159d193dc0, 0x000002159d1940b8]
Event: 0.522 Thread 0x00000215b9bfe970 nmethod 1355 0x000002159d194190 code [0x000002159d194320, 0x000002159d194478]
Event: 0.522 Thread 0x00000215b9d99bb0 1358       3       java.lang.StringLatin1::compareTo (52 bytes)
Event: 0.522 Thread 0x00000215b9bfe970 1359       3       java.util.HashMap::comparableClassFor (115 bytes)
Event: 0.522 Thread 0x00000215b9d99bb0 nmethod 1358 0x000002159d194510 code [0x000002159d1946e0, 0x000002159d194a98]

GC Heap History (3 events):
Event: 0.111 GC heap before
{Heap before GC invocations=0 (full 0):
 garbage-first heap   total 262144K, used 22528K [0x0000000700e00000, 0x0000000800000000)
  region size 2048K, 11 young (22528K), 0 survivors (0K)
 Metaspace       used 742K, capacity 4489K, committed 4864K, reserved 1056768K
  class space    used 65K, capacity 387K, committed 512K, reserved 1048576K
}
Event: 0.112 GC heap after
{Heap after GC invocations=1 (full 0):
 garbage-first heap   total 262144K, used 613K [0x0000000700e00000, 0x0000000800000000)
  region size 2048K, 1 young (2048K), 1 survivors (2048K)
 Metaspace       used 742K, capacity 4489K, committed 4864K, reserved 1056768K
  class space    used 65K, capacity 387K, committed 512K, reserved 1048576K
}
Event: 0.522 GC heap before
{Heap before GC invocations=1 (full 0):
 garbage-first heap   total 262144K, used 43621K [0x0000000700e00000, 0x0000000800000000)
  region size 2048K, 22 young (45056K), 1 survivors (2048K)
 Metaspace       used 8420K, capacity 9599K, committed 9856K, reserved 1058816K
  class space    used 1029K, capacity 1128K, committed 1152K, reserved 1048576K
}

Deoptimization events (20 events):
Event: 0.515 Thread 0x00000215b992c620 Uncommon trap: trap_request=0xffffffde fr.pc=0x00000215a441b11c relative=0x00000000000003dc
Event: 0.515 Thread 0x00000215b992c620 Uncommon trap: reason=class_check action=maybe_recompile pc=0x00000215a441b11c method=java.util.HashMap.getNode(Ljava/lang/Object;)Ljava/util/HashMap$Node; @ 128 c2
Event: 0.515 Thread 0x00000215b992c620 DEOPT PACKING pc=0x00000215a441b11c sp=0x000000c2f26fcc40
Event: 0.515 Thread 0x00000215b992c620 DEOPT UNPACKING pc=0x000002159c84e42f sp=0x000000c2f26fcbb8 mode 2
Event: 0.515 Thread 0x00000215b992c620 Uncommon trap: trap_request=0xffffffde fr.pc=0x00000215a441b11c relative=0x00000000000003dc
Event: 0.515 Thread 0x00000215b992c620 Uncommon trap: reason=class_check action=maybe_recompile pc=0x00000215a441b11c method=java.util.HashMap.getNode(Ljava/lang/Object;)Ljava/util/HashMap$Node; @ 128 c2
Event: 0.515 Thread 0x00000215b992c620 DEOPT PACKING pc=0x00000215a441b11c sp=0x000000c2f26fcc40
Event: 0.515 Thread 0x00000215b992c620 DEOPT UNPACKING pc=0x000002159c84e42f sp=0x000000c2f26fcbb8 mode 2
Event: 0.515 Thread 0x00000215b992c620 Uncommon trap: trap_request=0xffffff45 fr.pc=0x00000215a440cc94 relative=0x0000000000000514
Event: 0.515 Thread 0x00000215b992c620 Uncommon trap: reason=unstable_if action=reinterpret pc=0x00000215a440cc94 method=java.util.HashMap.putVal(ILjava/lang/Object;Ljava/lang/Object;ZZ)Ljava/lang/Object; @ 162 c2
Event: 0.515 Thread 0x00000215b992c620 DEOPT PACKING pc=0x00000215a440cc94 sp=0x000000c2f26fcbb0
Event: 0.515 Thread 0x00000215b992c620 DEOPT UNPACKING pc=0x000002159c84e42f sp=0x000000c2f26fcaf8 mode 2
Event: 0.518 Thread 0x00000215b992c620 Uncommon trap: trap_request=0xffffff45 fr.pc=0x00000215a442170c relative=0x00000000000002ac
Event: 0.518 Thread 0x00000215b992c620 Uncommon trap: reason=unstable_if action=reinterpret pc=0x00000215a442170c method=java.util.HashMap.getNode(Ljava/lang/Object;)Ljava/util/HashMap$Node; @ 66 c2
Event: 0.518 Thread 0x00000215b992c620 DEOPT PACKING pc=0x00000215a442170c sp=0x000000c2f26fcc80
Event: 0.518 Thread 0x00000215b992c620 DEOPT UNPACKING pc=0x000002159c84e42f sp=0x000000c2f26fcba0 mode 2
Event: 0.519 Thread 0x00000215b992c620 Uncommon trap: trap_request=0xffffff45 fr.pc=0x00000215a44220fc relative=0x000000000000029c
Event: 0.519 Thread 0x00000215b992c620 Uncommon trap: reason=unstable_if action=reinterpret pc=0x00000215a44220fc method=java.util.HashMap.getNode(Ljava/lang/Object;)Ljava/util/HashMap$Node; @ 66 c2
Event: 0.519 Thread 0x00000215b992c620 DEOPT PACKING pc=0x00000215a44220fc sp=0x000000c2f26fcc40
Event: 0.519 Thread 0x00000215b992c620 DEOPT UNPACKING pc=0x000002159c84e42f sp=0x000000c2f26fcbc0 mode 2

Classes unloaded (0 events):
No events

Classes redefined (0 events):
No events

Internal exceptions (20 events):
Event: 0.039 Thread 0x0000021592df1ca0 Exception <a 'java/lang/NoSuchMethodError'{0x0000000710cb94c0}: 'void java.lang.invoke.DirectMethodHandle$Holder.invokeVirtual(java.lang.Object, java.lang.Object)'> (0x0000000710cb94c0) 
thrown [./open/src/hotspot/share/interpreter/linkResolver.cpp, line 782]
Event: 0.135 Thread 0x0000021592df1ca0 Implicit null exception at 0x00000215a43c5577 to 0x00000215a43c6fa4
Event: 0.146 Thread 0x0000021592df1ca0 Implicit null exception at 0x00000215a43bd17c to 0x00000215a43bd26c
Event: 0.191 Thread 0x00000215b992c150 Exception <a 'java/lang/NoSuchMethodError'{0x000000070fbae3a0}: 'java.lang.Object java.lang.invoke.DirectMethodHandle$Holder.invokeStatic(java.lang.Object)'> (0x000000070fbae3a0) 
thrown [./open/src/hotspot/share/interpreter/linkResolver.cpp, line 782]
Event: 0.191 Thread 0x00000215b992c150 Exception <a 'java/lang/NoSuchMethodError'{0x000000070fbb1af0}: 'java.lang.Object java.lang.invoke.DirectMethodHandle$Holder.invokeStaticInit(java.lang.Object)'> (0x000000070fbb1af0) 
thrown [./open/src/hotspot/share/interpreter/linkResolver.cpp, line 782]
Event: 0.193 Thread 0x00000215b992c150 Exception <a 'java/lang/ClassNotFoundException'{0x000000070fbbcd80}: jdk/net/ExtendedSocketOptions> (0x000000070fbbcd80) 
thrown [./open/src/hotspot/share/classfile/systemDictionary.cpp, line 295]
Event: 0.194 Thread 0x00000215b992c150 Exception <a 'java/lang/NoSuchMethodError'{0x000000070fbbe580}: 'void java.lang.invoke.DirectMethodHandle$Holder.invokeStatic(java.lang.Object, java.lang.Object)'> (0x000000070fbbe580) 
thrown [./open/src/hotspot/share/interpreter/linkResolver.cpp, line 782]
Event: 0.259 Thread 0x0000021592df1ca0 Exception <a 'java/lang/NoSuchMethodError'{0x000000070f581110}: 'void java.lang.invoke.DirectMethodHandle$Holder.invokeSpecial(java.lang.Object, java.lang.Object, java.lang.Object)'> (0x000000070f581110) 
thrown [./open/src/hotspot/share/interpreter/linkResolver.cpp, line 782]
Event: 0.263 Thread 0x0000021592df1ca0 Exception <a 'java/lang/NoSuchMethodError'{0x000000070f5b8e20}: 'void java.lang.invoke.DirectMethodHandle$Holder.invokeStatic(java.lang.Object, java.lang.Object, java.lang.Object)'> (0x000000070f5b8e20) 
thrown [./open/src/hotspot/share/interpreter/linkResolver.cpp, line 782]
Event: 0.294 Thread 0x0000021592df1ca0 Exception <a 'java/lang/NoSuchMethodError'{0x000000070f5d54c0}: 'int java.lang.invoke.DirectMethodHandle$Holder.invokeStaticInit(java.lang.Object, java.lang.Object, java.lang.Object)'> (0x000000070f5d54c0) 
thrown [./open/src/hotspot/share/interpreter/linkResolver.cpp, line 782]
Event: 0.303 Thread 0x0000021592df1ca0 Exception <a 'java/lang/NoSuchMethodError'{0x000000070f2f71e8}: 'java.lang.Object java.lang.invoke.DirectMethodHandle$Holder.newInvokeSpecial(java.lang.Object, java.lang.Object, int, java.lang.Object)'> (0x000000070f2f71e8) 
thrown [./open/src/hotspot/share/interpreter/linkResolver.cpp, line 782]
Event: 0.303 Thread 0x0000021592df1ca0 Exception <a 'java/lang/NoSuchMethodError'{0x000000070f2fb6d0}: 'java.lang.Object java.lang.invoke.DirectMethodHandle$Holder.invokeSpecial(java.lang.Object, java.lang.Object, java.lang.Object, int, java.lang.Object)'> (0x000000070f2fb6d0) 
thrown [./open/src/hotspot/share/interpreter/linkResolver.cpp, line 782]
Event: 0.394 Thread 0x00000215b992c620 Exception <a 'java/lang/NoSuchMethodError'{0x000000070ee08068}: 'void java.lang.invoke.DirectMethodHandle$Holder.invokeStaticInit(java.lang.Object)'> (0x000000070ee08068) 
thrown [./open/src/hotspot/share/interpreter/linkResolver.cpp, line 782]
Event: 0.396 Thread 0x0000021592df1ca0 Exception <a 'java/lang/NoSuchMethodError'{0x000000070f3119d8}: 'java.lang.Object java.lang.invoke.DirectMethodHandle$Holder.newInvokeSpecial(java.lang.Object, java.lang.Object, java.lang.Object, java.lang.Object, java.lang.Object, java.lang.Object)'> (0x000000070f3119d8) 
thrown [./open/src/hotspot/share/interpreter/linkResolver.cpp, line 782]
Event: 0.408 Thread 0x0000021592df1ca0 Exception <a 'java/lang/NoSuchMethodError'{0x000000070ef1e0f8}: 'java.lang.Object java.lang.invoke.DirectMethodHandle$Holder.newInvokeSpecial(java.lang.Object, java.lang.Object, java.lang.Object, java.lang.Object, java.lang.Object)'> (0x000000070ef1e0f8) 
thrown [./open/src/hotspot/share/interpreter/linkResolver.cpp, line 782]
Event: 0.409 Thread 0x00000215b992caf0 Exception <a 'java/lang/NoSuchMethodError'{0x000000070efb05d8}: 'void java.lang.invoke.DirectMethodHandle$Holder.invokeStatic(java.lang.Object, java.lang.Object, java.lang.Object, java.lang.Object)'> (0x000000070efb05d8) 
thrown [./open/src/hotspot/share/interpreter/linkResolver.cpp, line 782]
Event: 0.437 Thread 0x00000215b992c620 Exception <a 'sun/nio/fs/WindowsException'{0x000000070ea43850}> (0x000000070ea43850) 
thrown [./open/src/hotspot/share/prims/jni.cpp, line 578]
Event: 0.465 Thread 0x00000215b992c620 Exception <a 'java/lang/NoSuchMethodError'{0x000000070e915350}: 'java.lang.Object java.lang.invoke.DirectMethodHandle$Holder.invokeStaticInit(java.lang.Object, java.lang.Object, java.lang.Object, java.lang.Object)'> (0x000000070e915350) 
thrown [./open/src/hotspot/share/interpreter/linkResolver.cpp, line 782]
Event: 0.465 Thread 0x00000215b992c620 Exception <a 'java/lang/NullPointerException'{0x000000070e9214f8}> (0x000000070e9214f8) 
thrown [./open/src/hotspot/share/interpreter/linkResolver.cpp, line 1374]
Event: 0.467 Thread 0x00000215b992c620 Exception <a 'java/lang/NoSuchMethodError'{0x000000070e945960}: 'void java.lang.invoke.DirectMethodHandle$Holder.invokeSpecial(java.lang.Object, java.lang.Object, java.lang.Object, java.lang.Object, java.lang.Object)'> (0x000000070e945960) 
thrown [./open/src/hotspot/share/interpreter/linkResolver.cpp, line 782]

Events (20 events):
Event: 0.497 loading class sun/net/www/protocol/jar/URLJarFile done
Event: 0.497 Executing VM operation: HandshakeAllThreads
Event: 0.498 Executing VM operation: HandshakeAllThreads done
Event: 0.498 loading class sun/net/www/protocol/jar/URLJarFile$URLJarFileEntry
Event: 0.498 loading class sun/net/www/protocol/jar/URLJarFile$URLJarFileEntry done
Event: 0.498 loading class sun/net/www/protocol/jar/JarURLConnection$JarURLInputStream
Event: 0.498 loading class sun/net/www/protocol/jar/JarURLConnection$JarURLInputStream done
Event: 0.498 Executing VM operation: ICBufferFull
Event: 0.498 Executing VM operation: ICBufferFull done
Event: 0.498 Executing VM operation: HandshakeAllThreads
Event: 0.498 Executing VM operation: HandshakeAllThreads done
Event: 0.506 loading class java/util/AbstractList$RandomAccessSubList
Event: 0.506 loading class java/util/AbstractList$SubList
Event: 0.506 loading class java/util/AbstractList$SubList done
Event: 0.506 loading class java/util/AbstractList$RandomAccessSubList done
Event: 0.506 loading class java/util/AbstractList$SubList$1
Event: 0.506 loading class java/util/AbstractList$SubList$1 done
Event: 0.506 loading class java/util/AbstractList$ListItr
Event: 0.506 loading class java/util/AbstractList$ListItr done
Event: 0.522 Executing VM operation: G1CollectForAllocation


Dynamic libraries:
0x00007ff7bfc50000 - 0x00007ff7bfc5f000 	C:\Program Files\Java\jdk-15.0.2\bin\java.exe
0x00007ffeedab0000 - 0x00007ffeedca5000 	C:\WINDOWS\SYSTEM32\ntdll.dll
0x00007ffeecc30000 - 0x00007ffeecced000 	C:\WINDOWS\System32\KERNEL32.DLL
0x00007ffeeb2f0000 - 0x00007ffeeb5b9000 	C:\WINDOWS\System32\KERNELBASE.dll
0x00007ffeeb8e0000 - 0x00007ffeeb9e0000 	C:\WINDOWS\System32\ucrtbase.dll
0x00007ffee5b20000 - 0x00007ffee5b39000 	C:\Program Files\Java\jdk-15.0.2\bin\VCRUNTIME140.dll
0x00007ffee5b00000 - 0x00007ffee5b18000 	C:\Program Files\Java\jdk-15.0.2\bin\jli.dll
0x00007ffeed630000 - 0x00007ffeed6dc000 	C:\WINDOWS\System32\ADVAPI32.dll
0x00007ffeed590000 - 0x00007ffeed62e000 	C:\WINDOWS\System32\msvcrt.dll
0x00007ffeecb80000 - 0x00007ffeecc1b000 	C:\WINDOWS\System32\sechost.dll
0x00007ffeed870000 - 0x00007ffeed99a000 	C:\WINDOWS\System32\RPCRT4.dll
0x00007ffeece90000 - 0x00007ffeed030000 	C:\WINDOWS\System32\USER32.dll
0x00007ffeebaf0000 - 0x00007ffeebb12000 	C:\WINDOWS\System32\win32u.dll
0x00007ffeecd60000 - 0x00007ffeecd8a000 	C:\WINDOWS\System32\GDI32.dll
0x00007ffeeb9e0000 - 0x00007ffeebaeb000 	C:\WINDOWS\System32\gdi32full.dll
0x00007ffec1fd0000 - 0x00007ffec226a000 	C:\WINDOWS\WinSxS\amd64_microsoft.windows.common-controls_6595b64144ccf1df_6.0.19041.1110_none_60b5254171f9507e\COMCTL32.dll
0x00007ffeeb7b0000 - 0x00007ffeeb84d000 	C:\WINDOWS\System32\msvcp_win.dll
0x00007ffee1320000 - 0x00007ffee132a000 	C:\WINDOWS\SYSTEM32\VERSION.dll
0x00007ffeec9c0000 - 0x00007ffeec9f0000 	C:\WINDOWS\System32\IMM32.DLL
0x00007ffee8a10000 - 0x00007ffee8a1c000 	C:\Program Files\Java\jdk-15.0.2\bin\vcruntime140_1.dll
0x00007ffee3130000 - 0x00007ffee31c1000 	C:\Program Files\Java\jdk-15.0.2\bin\msvcp140.dll
0x00007ffe94570000 - 0x00007ffe950ce000 	C:\Program Files\Java\jdk-15.0.2\bin\server\jvm.dll
0x00007ffeeccf0000 - 0x00007ffeeccf8000 	C:\WINDOWS\System32\PSAPI.DLL
0x00007ffee5020000 - 0x00007ffee5029000 	C:\WINDOWS\SYSTEM32\WSOCK32.dll
0x00007ffedb500000 - 0x00007ffedb527000 	C:\WINDOWS\SYSTEM32\WINMM.dll
0x00007ffeed090000 - 0x00007ffeed0fb000 	C:\WINDOWS\System32\WS2_32.dll
0x00007ffee9140000 - 0x00007ffee9152000 	C:\WINDOWS\SYSTEM32\kernel.appcore.dll
0x00007ffee6f40000 - 0x00007ffee6f4a000 	C:\Program Files\Java\jdk-15.0.2\bin\jimage.dll
0x00007ffededd0000 - 0x00007ffedefb4000 	C:\WINDOWS\SYSTEM32\DBGHELP.DLL
0x00007ffedec70000 - 0x00007ffedec9c000 	C:\WINDOWS\SYSTEM32\dbgcore.DLL
0x00007ffeeb720000 - 0x00007ffeeb7a3000 	C:\WINDOWS\System32\bcryptPrimitives.dll
0x00007ffee5cf0000 - 0x00007ffee5cfe000 	C:\Program Files\Java\jdk-15.0.2\bin\instrument.dll
0x00007ffee59c0000 - 0x00007ffee59e5000 	C:\Program Files\Java\jdk-15.0.2\bin\java.dll
0x00007ffeec030000 - 0x00007ffeec76f000 	C:\WINDOWS\System32\SHELL32.dll
0x00007ffee9340000 - 0x00007ffee9ad1000 	C:\WINDOWS\SYSTEM32\windows.storage.dll
0x00007ffeebcd0000 - 0x00007ffeec025000 	C:\WINDOWS\System32\combase.dll
0x00007ffeeac60000 - 0x00007ffeeac8c000 	C:\WINDOWS\SYSTEM32\Wldp.dll
0x00007ffeec7f0000 - 0x00007ffeec89e000 	C:\WINDOWS\System32\SHCORE.dll
0x00007ffeed030000 - 0x00007ffeed085000 	C:\WINDOWS\System32\shlwapi.dll
0x00007ffeeb130000 - 0x00007ffeeb14f000 	C:\WINDOWS\SYSTEM32\profapi.dll
0x00007ffee5ae0000 - 0x00007ffee5af9000 	C:\Program Files\Java\jdk-15.0.2\bin\net.dll
0x00007ffee1ff0000 - 0x00007ffee20fa000 	C:\WINDOWS\SYSTEM32\WINHTTP.dll
0x00007ffeea9c0000 - 0x00007ffeeaa2a000 	C:\WINDOWS\system32\mswsock.dll
0x00007ffee59a0000 - 0x00007ffee59b2000 	C:\Program Files\Java\jdk-15.0.2\bin\nio.dll
0x00007ffee5980000 - 0x00007ffee5998000 	C:\Program Files\Java\jdk-15.0.2\bin\zip.dll
0x00007ffee3200000 - 0x00007ffee321a000 	C:\Program Files\JetBrains\IntelliJ IDEA 2020.3.2\bin\breakgen64.dll
0x00000215bb5f0000 - 0x00000215bb5f3000 	C:\openjfx-16_windows-x64_bin-sdk\javafx-sdk-16\bin\api-ms-win-core-console-l1-1-0.dll
0x00000215bb600000 - 0x00000215bb603000 	C:\openjfx-16_windows-x64_bin-sdk\javafx-sdk-16\bin\api-ms-win-core-console-l1-2-0.dll
0x00000215bb610000 - 0x00000215bb613000 	C:\openjfx-16_windows-x64_bin-sdk\javafx-sdk-16\bin\api-ms-win-core-datetime-l1-1-0.dll
0x00000215bb620000 - 0x00000215bb623000 	C:\openjfx-16_windows-x64_bin-sdk\javafx-sdk-16\bin\api-ms-win-core-debug-l1-1-0.dll
0x00000215bb630000 - 0x00000215bb633000 	C:\openjfx-16_windows-x64_bin-sdk\javafx-sdk-16\bin\api-ms-win-core-errorhandling-l1-1-0.dll
0x00000215bb640000 - 0x00000215bb644000 	C:\openjfx-16_windows-x64_bin-sdk\javafx-sdk-16\bin\api-ms-win-core-file-l1-1-0.dll
0x00000215bb650000 - 0x00000215bb653000 	C:\openjfx-16_windows-x64_bin-sdk\javafx-sdk-16\bin\api-ms-win-core-file-l1-2-0.dll
0x00000215bb660000 - 0x00000215bb663000 	C:\openjfx-16_windows-x64_bin-sdk\javafx-sdk-16\bin\api-ms-win-core-file-l2-1-0.dll
0x00000215bb670000 - 0x00000215bb673000 	C:\openjfx-16_windows-x64_bin-sdk\javafx-sdk-16\bin\api-ms-win-core-handle-l1-1-0.dll
0x00000215bb680000 - 0x00000215bb683000 	C:\openjfx-16_windows-x64_bin-sdk\javafx-sdk-16\bin\api-ms-win-core-heap-l1-1-0.dll
0x00000215bb690000 - 0x00000215bb693000 	C:\openjfx-16_windows-x64_bin-sdk\javafx-sdk-16\bin\api-ms-win-core-interlocked-l1-1-0.dll
0x00000215bb6a0000 - 0x00000215bb6a3000 	C:\openjfx-16_windows-x64_bin-sdk\javafx-sdk-16\bin\api-ms-win-core-libraryloader-l1-1-0.dll
0x00000215bb6b0000 - 0x00000215bb6b3000 	C:\openjfx-16_windows-x64_bin-sdk\javafx-sdk-16\bin\api-ms-win-core-localization-l1-2-0.dll
0x00000215bb6c0000 - 0x00000215bb6c3000 	C:\openjfx-16_windows-x64_bin-sdk\javafx-sdk-16\bin\api-ms-win-core-memory-l1-1-0.dll
0x00000215bb6d0000 - 0x00000215bb6d3000 	C:\openjfx-16_windows-x64_bin-sdk\javafx-sdk-16\bin\api-ms-win-core-namedpipe-l1-1-0.dll
0x00000215bb6e0000 - 0x00000215bb6e3000 	C:\openjfx-16_windows-x64_bin-sdk\javafx-sdk-16\bin\api-ms-win-core-processenvironment-l1-1-0.dll
0x00000215bb6f0000 - 0x00000215bb6f3000 	C:\openjfx-16_windows-x64_bin-sdk\javafx-sdk-16\bin\api-ms-win-core-processthreads-l1-1-0.dll
0x00000215bb700000 - 0x00000215bb703000 	C:\openjfx-16_windows-x64_bin-sdk\javafx-sdk-16\bin\api-ms-win-core-processthreads-l1-1-1.dll
0x00000215bb710000 - 0x00000215bb713000 	C:\openjfx-16_windows-x64_bin-sdk\javafx-sdk-16\bin\api-ms-win-core-profile-l1-1-0.dll
0x00000215bb720000 - 0x00000215bb723000 	C:\openjfx-16_windows-x64_bin-sdk\javafx-sdk-16\bin\api-ms-win-core-rtlsupport-l1-1-0.dll
0x00000215bb730000 - 0x00000215bb733000 	C:\openjfx-16_windows-x64_bin-sdk\javafx-sdk-16\bin\api-ms-win-core-string-l1-1-0.dll
0x00000215bb740000 - 0x00000215bb743000 	C:\openjfx-16_windows-x64_bin-sdk\javafx-sdk-16\bin\api-ms-win-core-synch-l1-1-0.dll
0x00000215bb750000 - 0x00000215bb753000 	C:\openjfx-16_windows-x64_bin-sdk\javafx-sdk-16\bin\api-ms-win-core-synch-l1-2-0.dll
0x00000215bb760000 - 0x00000215bb763000 	C:\openjfx-16_windows-x64_bin-sdk\javafx-sdk-16\bin\api-ms-win-core-sysinfo-l1-1-0.dll
0x00000215bb770000 - 0x00000215bb773000 	C:\openjfx-16_windows-x64_bin-sdk\javafx-sdk-16\bin\api-ms-win-core-timezone-l1-1-0.dll
0x00000215bb780000 - 0x00000215bb783000 	C:\openjfx-16_windows-x64_bin-sdk\javafx-sdk-16\bin\api-ms-win-core-util-l1-1-0.dll
0x00000215bb790000 - 0x00000215bb793000 	C:\openjfx-16_windows-x64_bin-sdk\javafx-sdk-16\bin\api-ms-win-crt-conio-l1-1-0.dll
0x00000215bb7a0000 - 0x00000215bb7a4000 	C:\openjfx-16_windows-x64_bin-sdk\javafx-sdk-16\bin\api-ms-win-crt-convert-l1-1-0.dll
0x00000215bb7b0000 - 0x00000215bb7b3000 	C:\openjfx-16_windows-x64_bin-sdk\javafx-sdk-16\bin\api-ms-win-crt-environment-l1-1-0.dll
0x00000215bb7c0000 - 0x00000215bb7c3000 	C:\openjfx-16_windows-x64_bin-sdk\javafx-sdk-16\bin\api-ms-win-crt-filesystem-l1-1-0.dll
0x00000215bb7d0000 - 0x00000215bb7d3000 	C:\openjfx-16_windows-x64_bin-sdk\javafx-sdk-16\bin\api-ms-win-crt-heap-l1-1-0.dll
0x00000215bb7e0000 - 0x00000215bb7e3000 	C:\openjfx-16_windows-x64_bin-sdk\javafx-sdk-16\bin\api-ms-win-crt-locale-l1-1-0.dll
0x00000215bb7f0000 - 0x00000215bb7f5000 	C:\openjfx-16_windows-x64_bin-sdk\javafx-sdk-16\bin\api-ms-win-crt-math-l1-1-0.dll
0x00000215bb800000 - 0x00000215bb805000 	C:\openjfx-16_windows-x64_bin-sdk\javafx-sdk-16\bin\api-ms-win-crt-multibyte-l1-1-0.dll
0x00000215bb810000 - 0x00000215bb820000 	C:\openjfx-16_windows-x64_bin-sdk\javafx-sdk-16\bin\api-ms-win-crt-private-l1-1-0.dll
0x00000215bb820000 - 0x00000215bb823000 	C:\openjfx-16_windows-x64_bin-sdk\javafx-sdk-16\bin\api-ms-win-crt-process-l1-1-0.dll
0x00000215bb830000 - 0x00000215bb834000 	C:\openjfx-16_windows-x64_bin-sdk\javafx-sdk-16\bin\api-ms-win-crt-runtime-l1-1-0.dll
0x00000215bb840000 - 0x00000215bb844000 	C:\openjfx-16_windows-x64_bin-sdk\javafx-sdk-16\bin\api-ms-win-crt-stdio-l1-1-0.dll
0x00000215bb850000 - 0x00000215bb854000 	C:\openjfx-16_windows-x64_bin-sdk\javafx-sdk-16\bin\api-ms-win-crt-string-l1-1-0.dll
0x00000215bb860000 - 0x00000215bb863000 	C:\openjfx-16_windows-x64_bin-sdk\javafx-sdk-16\bin\api-ms-win-crt-time-l1-1-0.dll
0x00000215bb870000 - 0x00000215bb873000 	C:\openjfx-16_windows-x64_bin-sdk\javafx-sdk-16\bin\api-ms-win-crt-utility-l1-1-0.dll
0x00007ffeceea0000 - 0x00007ffecef9c000 	C:\openjfx-16_windows-x64_bin-sdk\javafx-sdk-16\bin\ucrtbase.dll
0x00007ffee3110000 - 0x00007ffee3129000 	C:\openjfx-16_windows-x64_bin-sdk\javafx-sdk-16\bin\vcruntime140.dll
0x00007ffee3550000 - 0x00007ffee355c000 	C:\openjfx-16_windows-x64_bin-sdk\javafx-sdk-16\bin\vcruntime140_1.dll
0x00007ffeceae0000 - 0x00007ffeceb71000 	C:\openjfx-16_windows-x64_bin-sdk\javafx-sdk-16\bin\msvcp140.dll
0x00007ffee2f50000 - 0x00007ffee2f77000 	C:\openjfx-16_windows-x64_bin-sdk\javafx-sdk-16\bin\prism_d3d.dll
0x00007ffede930000 - 0x00007ffedeafe000 	C:\WINDOWS\system32\d3d9.dll
0x00007ffee8f60000 - 0x00007ffee8f8f000 	C:\WINDOWS\SYSTEM32\dwmapi.dll
0x00007ffee8c80000 - 0x00007ffee8d1e000 	C:\WINDOWS\system32\uxtheme.dll
0x00007ffee01d0000 - 0x00007ffee02d5000 	C:\WINDOWS\System32\DriverStore\FileRepository\nvmdi.inf_amd64_4f0927d2d65e905f\nvldumdx.dll
0x00007ffeeade0000 - 0x00007ffeeadf2000 	C:\WINDOWS\SYSTEM32\msasn1.dll
0x00007ffee12e0000 - 0x00007ffee1311000 	C:\WINDOWS\SYSTEM32\cryptnet.dll
0x00007ffeeb5c0000 - 0x00007ffeeb71f000 	C:\WINDOWS\System32\CRYPT32.dll
0x00007ffeeaba0000 - 0x00007ffeeabac000 	C:\WINDOWS\SYSTEM32\cryptbase.dll
0x00007ffeeb880000 - 0x00007ffeeb8e0000 	C:\WINDOWS\System32\WINTRUST.DLL
0x00007ffeed100000 - 0x00007ffeed11d000 	C:\WINDOWS\System32\imagehlp.dll
0x00007ffeeabb0000 - 0x00007ffeeabc8000 	C:\WINDOWS\SYSTEM32\CRYPTSP.dll
0x00007ffeea2f0000 - 0x00007ffeea324000 	C:\WINDOWS\system32\rsaenh.dll
0x00007ffeeb850000 - 0x00007ffeeb877000 	C:\WINDOWS\System32\bcrypt.dll
0x00007ffe795a0000 - 0x00007ffe7b1e7000 	C:\WINDOWS\System32\DriverStore\FileRepository\nvmdi.inf_amd64_4f0927d2d65e905f\nvd3dumx.dll
0x00007ffecede0000 - 0x00007ffecee22000 	C:\openjfx-16_windows-x64_bin-sdk\javafx-sdk-16\bin\glass.dll
0x00007ffeed790000 - 0x00007ffeed86a000 	C:\WINDOWS\System32\COMDLG32.dll
0x00007ffeeca50000 - 0x00007ffeecb7a000 	C:\WINDOWS\System32\ole32.dll
0x00007ffeed9a0000 - 0x00007ffeeda6d000 	C:\WINDOWS\System32\OLEAUT32.dll
0x00007ffeec8a0000 - 0x00007ffeec9b5000 	C:\WINDOWS\System32\MSCTF.dll
0x00007ffead7e0000 - 0x00007ffeada9e000 	C:\WINDOWS\system32\nvspcap64.dll
0x00007ffee9f20000 - 0x00007ffee9f53000 	C:\WINDOWS\SYSTEM32\ntmarta.dll
0x00007ffee9af0000 - 0x00007ffee9b13000 	C:\WINDOWS\SYSTEM32\gpapi.dll
0x00007ffee0960000 - 0x00007ffee099b000 	C:\WINDOWS\SYSTEM32\dxcore.dll
0x00007ffeeb1f0000 - 0x00007ffeeb23e000 	C:\WINDOWS\System32\cfgmgr32.dll
0x00007ffeb3da0000 - 0x00007ffeb3db7000 	C:\WINDOWS\system32\napinsp.dll
0x00007ffeb33c0000 - 0x00007ffeb33db000 	C:\WINDOWS\system32\pnrpnsp.dll
0x00007ffee5f30000 - 0x00007ffee5f45000 	C:\WINDOWS\system32\wshbth.dll
0x00007ffee6c50000 - 0x00007ffee6c6d000 	C:\WINDOWS\system32\NLAapi.dll
0x00007ffeea660000 - 0x00007ffeea69b000 	C:\WINDOWS\SYSTEM32\IPHLPAPI.DLL
0x00007ffeea6b0000 - 0x00007ffeea77c000 	C:\WINDOWS\SYSTEM32\DNSAPI.dll
0x00007ffeecc20000 - 0x00007ffeecc28000 	C:\WINDOWS\System32\NSI.dll
0x00007ffeb3380000 - 0x00007ffeb3392000 	C:\WINDOWS\System32\winrnr.dll
0x00007ffee4970000 - 0x00007ffee497a000 	C:\Windows\System32\rasadhlp.dll
0x00007ffec6b20000 - 0x00007ffec6b9f000 	C:\WINDOWS\System32\fwpuclnt.dll
0x00007ffee30f0000 - 0x00007ffee3104000 	C:\openjfx-16_windows-x64_bin-sdk\javafx-sdk-16\bin\javafx_font.dll

dbghelp: loaded successfully - version: 4.0.5 - missing functions: none
symbol engine: initialized successfully - sym options: 0x614 - pdb path: .;C:\Program Files\Java\jdk-15.0.2\bin;C:\WINDOWS\SYSTEM32;C:\WINDOWS\WinSxS\amd64_microsoft.windows.common-controls_6595b64144ccf1df_6.0.19041.1110_none_60b5254171f9507e;C:\Program Files\Java\jdk-15.0.2\bin\server;C:\Program Files\JetBrains\IntelliJ IDEA 2020.3.2\bin;C:\openjfx-16_windows-x64_bin-sdk\javafx-sdk-16\bin;C:\WINDOWS\System32\DriverStore\FileRepository\nvmdi.inf_amd64_4f0927d2d65e905f

VM Arguments:
jvm_args: -javaagent:C:\Program Files\JetBrains\IntelliJ IDEA 2020.3.2\lib\idea_rt.jar=57359:C:\Program Files\JetBrains\IntelliJ IDEA 2020.3.2\bin -Dfile.encoding=UTF-8 --module-path=E:\1-2\CSE108\Offlines Repo\CSE108-Offlines\Java Term Project\Part 4 (Database based)\out\production\Large Database based Program;C:\openjfx-16_windows-x64_bin-sdk\javafx-sdk-16\lib\javafx-swt.jar;C:\openjfx-16_windows-x64_bin-sdk\javafx-sdk-16\lib\javafx.web.jar;C:\openjfx-16_windows-x64_bin-sdk\javafx-sdk-16\lib\javafx.base.jar;C:\openjfx-16_windows-x64_bin-sdk\javafx-sdk-16\lib\javafx.fxml.jar;C:\openjfx-16_windows-x64_bin-sdk\javafx-sdk-16\lib\javafx.media.jar;C:\openjfx-16_windows-x64_bin-sdk\javafx-sdk-16\lib\javafx.swing.jar;C:\openjfx-16_windows-x64_bin-sdk\javafx-sdk-16\lib\javafx.controls.jar;C:\openjfx-16_windows-x64_bin-sdk\javafx-sdk-16\lib\javafx.graphics.jar;E:\1-2\CSE108\Offlines Repo\CSE108-Offlines\Java Term Project\Part 4 (Database based)\src\jfoenix-9.0.10.jar -Djdk.module.main=myjfx 
java_command: myjfx/sample.Main
java_class_path (initial): <not set>
Launcher Type: SUN_STANDARD

[Global flags]
     intx CICompilerCount                          = 12                                        {product} {ergonomic}
     uint ConcGCThreads                            = 3                                         {product} {ergonomic}
     uint G1ConcRefinementThreads                  = 13                                        {product} {ergonomic}
   size_t G1HeapRegionSize                         = 2097152                                   {product} {ergonomic}
    uintx GCDrainStackTargetSize                   = 64                                        {product} {ergonomic}
   size_t InitialHeapSize                          = 268435456                                 {product} {ergonomic}
   size_t MarkStackSize                            = 4194304                                   {product} {ergonomic}
   size_t MaxHeapSize                              = 4280287232                                {product} {ergonomic}
   size_t MaxNewSize                               = 2566914048                                {product} {ergonomic}
   size_t MinHeapDeltaBytes                        = 2097152                                   {product} {ergonomic}
   size_t MinHeapSize                              = 8388608                                   {product} {ergonomic}
    uintx NonNMethodCodeHeapSize                   = 7602480                                {pd product} {ergonomic}
    uintx NonProfiledCodeHeapSize                  = 122027880                              {pd product} {ergonomic}
    uintx ProfiledCodeHeapSize                     = 122027880                              {pd product} {ergonomic}
    uintx ReservedCodeCacheSize                    = 251658240                              {pd product} {ergonomic}
     bool SegmentedCodeCache                       = true                                      {product} {ergonomic}
   size_t SoftMaxHeapSize                          = 4280287232                             {manageable} {ergonomic}
     bool UseCompressedClassPointers               = true                                 {lp64_product} {ergonomic}
     bool UseCompressedOops                        = true                                 {lp64_product} {ergonomic}
     bool UseG1GC                                  = true                                      {product} {ergonomic}
     bool UseLargePagesIndividualAllocation        = false                                  {pd product} {ergonomic}

Logging:
Log output configuration:
 #0: stdout all=warning uptime,level,tags
 #1: stderr all=off uptime,level,tags

Environment Variables:
JAVA_HOME=C:\Program Files\Java\jdk-15.0.2
PATH=C:\Program Files\Common Files\Oracle\Java\javapath;C:\Windows\system32;C:\Windows;C:\Windows\System32\Wbem;C:\Windows\System32\WindowsPowerShell\v1.0\;C:\Windows\System32\OpenSSH\;C:\Program Files (x86)\NVIDIA Corporation\PhysX\Common;C:\Program Files\NVIDIA Corporation\NVIDIA NvDLISR;C:\Program Files (x86)\Print Conductor;C:\Program Files\Git\cmd;C:\Program Files\nodejs\;C:\Program Files (x86)\Calibre2\;C:\WINDOWS\system32;C:\WINDOWS;C:\WINDOWS\System32\Wbem;C:\WINDOWS\System32\WindowsPowerShell\v1.0\;C:\WINDOWS\System32\OpenSSH\;C:\Program Files\Java\jdk-15.0.2\bin;C:\ProgramData\pbox;C:\Programs\msys2-mingw64-9\bin;G:\Downloads\Compressed\ffmpeg-4.4-essentials_build\ffmpeg-4.4-essentials_build\bin;G:\Microsoft Visual Studio\Shared\Python37_64\python;C:\Users\user\AppData\Local\Microsoft\WindowsApps;C:\Users\user\AppData\Local\Programs\Microsoft VS Code\bin;C:\msys64\usr\bin;C:\Users\user\scoop\shims;C:\Program Files (x86)\Print Conductor;C:\Users\user\AppData\Roaming\npm;C:\Users\user\AppData\Local\GitHubDesktop\bin;C:\Program Files\JetBrains\IntelliJ IDEA 2020.3.2\bin;;C:\Program Files\JetBrains\CLion 2020.3.2\bin;;C:\Program Files\JetBrains\PyCharm Community Edition 2021.1\bin;;C:\Programs\msys2-mingw64-9\bin;
USERNAME=user
OS=Windows_NT
PROCESSOR_IDENTIFIER=Intel64 Family 6 Model 165 Stepping 5, GenuineIntel



---------------  S Y S T E M  ---------------

OS:
 Windows 10 , 64 bit Build 19041 (10.0.19041.1023)
OS uptime: 7 days 0:45 hours

CPU: total 16 (initial active 16) (8 cores per cpu, 2 threads per core) family 6 model 165 stepping 5 microcode 0xe0, cmov, cx8, fxsr, mmx, sse, sse2, sse3, ssse3, sse4.1, sse4.2, popcnt, vzeroupper, avx, avx2, aes, clmul, erms, 3dnowpref, lzcnt, ht, tsc, tscinvbit, bmi1, bmi2, adx, fma, clflush, clflushopt

Memory: 4k page, system-wide physical 16322M (8761M free)
TotalPageFile size 18754M (AvailPageFile size 5728M)
current process WorkingSet (physical memory assigned to process): 122M, peak: 122M
current process commit charge ("private bytes"): 401M, peak: 401M

vm_info: Java HotSpot(TM) 64-Bit Server VM (15.0.2+7-27) for windows-amd64 JRE (15.0.2+7-27), built on Dec  7 2020 20:07:01 by "mach5one" with unknown MS VC++:1925

END.
